Arguments: 
  /usr/local/bin/node /usr/local/bin/yarn

PATH: 
  /Applications/XAMPP/bin/:/Users/congtran/anaconda3/bin:/Library/Frameworks/Python.framework/Versions/3.6/bin:/usr/local/bin:/usr/bin:/bin:/usr/sbin:/sbin:/usr/local/go/bin:/usr/local/share/dotnet:/Library/Frameworks/Mono.framework/Versions/Current/Commands:/Applications/Postgres.app/Contents/Versions/latest/bin:/Applications/Xamarin Workbooks.app/Contents/SharedSupport/path-bin:/Users/congtran/Library/Android/sdk/tools:/Users/congtran/Library/Android/sdk/platform-tools:/Users/congtran/Library/Android/sdk/tools/bin:/Users/congtran/go/bin:/Users/congtran/Applications/drush8

Yarn version: 
  1.7.0

Node version: 
  8.11.3

Platform: 
  darwin x64

Trace: 
  Error: https://raw.githubusercontent.com/expo/react-native-maps/e6f98ff7272e5d0a7fe974a41f28593af2d77bb2/package.json: ETIMEDOUT
      at Timeout._onTimeout (/usr/local/lib/node_modules/yarn/lib/cli.js:135339:19)
      at ontimeout (timers.js:498:11)
      at tryOnTimeout (timers.js:323:5)
      at Timer.listOnTimeout (timers.js:290:5)

npm manifest: 
  {
    "main": "node_modules/expo/AppEntry.js",
    "scripts": {
      "start": "expo start",
      "android": "expo start --android",
      "ios": "expo start --ios",
      "eject": "expo eject"
    },
    "dependencies": {
      "expo": "^31.0.2",
      "react": "16.5.0",
      "react-native": "https://github.com/expo/react-native/archive/sdk-31.0.0.tar.gz",
      "cheerio-without-node-native": "^0.20.2",
      "native-base": "^2.3.3",
      "prop-types": "^15.6.0",
      "react-native-image-pan-zoom": "^2.0.8",
      "react-native-indicators": "^0.10.0",
      "react-native-linear-gradient": "^2.3.0",
      "react-native-searchbar": "^1.13.0",
      "react-navigation": "^1.0.0-beta.21",
      "react-redux": "^5.0.6",
      "redux": "^3.7.2",
      "redux-logger": "^3.0.6"
    },
    "devDependencies": {
      "babel-preset-expo": "^5.0.0"
    },
    "private": true
  }

yarn manifest: 
  No manifest

Lockfile: 
  # THIS IS AN AUTOGENERATED FILE. DO NOT EDIT THIS FILE DIRECTLY.
  # yarn lockfile v1
  
  
  "@babel/code-frame@^7.0.0":
    version "7.0.0"
    resolved "https://registry.yarnpkg.com/@babel/code-frame/-/code-frame-7.0.0.tgz#06e2ab19bdb535385559aabb5ba59729482800f8"
    dependencies:
      "@babel/highlight" "^7.0.0"
  
  "@babel/generator@^7.2.2":
    version "7.2.2"
    resolved "https://registry.yarnpkg.com/@babel/generator/-/generator-7.2.2.tgz#18c816c70962640eab42fe8cae5f3947a5c65ccc"
    dependencies:
      "@babel/types" "^7.2.2"
      jsesc "^2.5.1"
      lodash "^4.17.10"
      source-map "^0.5.0"
      trim-right "^1.0.1"
  
  "@babel/helper-annotate-as-pure@^7.0.0":
    version "7.0.0"
    resolved "https://registry.yarnpkg.com/@babel/helper-annotate-as-pure/-/helper-annotate-as-pure-7.0.0.tgz#323d39dd0b50e10c7c06ca7d7638e6864d8c5c32"
    dependencies:
      "@babel/types" "^7.0.0"
  
  "@babel/helper-builder-binary-assignment-operator-visitor@^7.1.0":
    version "7.1.0"
    resolved "https://registry.yarnpkg.com/@babel/helper-builder-binary-assignment-operator-visitor/-/helper-builder-binary-assignment-operator-visitor-7.1.0.tgz#6b69628dfe4087798e0c4ed98e3d4a6b2fbd2f5f"
    dependencies:
      "@babel/helper-explode-assignable-expression" "^7.1.0"
      "@babel/types" "^7.0.0"
  
  "@babel/helper-builder-react-jsx@^7.0.0":
    version "7.0.0"
    resolved "https://registry.yarnpkg.com/@babel/helper-builder-react-jsx/-/helper-builder-react-jsx-7.0.0.tgz#fa154cb53eb918cf2a9a7ce928e29eb649c5acdb"
    dependencies:
      "@babel/types" "^7.0.0"
      esutils "^2.0.0"
  
  "@babel/helper-call-delegate@^7.1.0":
    version "7.1.0"
    resolved "https://registry.yarnpkg.com/@babel/helper-call-delegate/-/helper-call-delegate-7.1.0.tgz#6a957f105f37755e8645343d3038a22e1449cc4a"
    dependencies:
      "@babel/helper-hoist-variables" "^7.0.0"
      "@babel/traverse" "^7.1.0"
      "@babel/types" "^7.0.0"
  
  "@babel/helper-create-class-features-plugin@^7.2.1", "@babel/helper-create-class-features-plugin@^7.2.2":
    version "7.2.2"
    resolved "https://registry.yarnpkg.com/@babel/helper-create-class-features-plugin/-/helper-create-class-features-plugin-7.2.2.tgz#aac79552e41c94716a804d371e943f20171df0c5"
    dependencies:
      "@babel/helper-function-name" "^7.1.0"
      "@babel/helper-member-expression-to-functions" "^7.0.0"
      "@babel/helper-optimise-call-expression" "^7.0.0"
      "@babel/helper-plugin-utils" "^7.0.0"
      "@babel/helper-replace-supers" "^7.1.0"
  
  "@babel/helper-define-map@^7.1.0":
    version "7.1.0"
    resolved "https://registry.yarnpkg.com/@babel/helper-define-map/-/helper-define-map-7.1.0.tgz#3b74caec329b3c80c116290887c0dd9ae468c20c"
    dependencies:
      "@babel/helper-function-name" "^7.1.0"
      "@babel/types" "^7.0.0"
      lodash "^4.17.10"
  
  "@babel/helper-explode-assignable-expression@^7.1.0":
    version "7.1.0"
    resolved "https://registry.yarnpkg.com/@babel/helper-explode-assignable-expression/-/helper-explode-assignable-expression-7.1.0.tgz#537fa13f6f1674df745b0c00ec8fe4e99681c8f6"
    dependencies:
      "@babel/traverse" "^7.1.0"
      "@babel/types" "^7.0.0"
  
  "@babel/helper-function-name@^7.1.0":
    version "7.1.0"
    resolved "https://registry.yarnpkg.com/@babel/helper-function-name/-/helper-function-name-7.1.0.tgz#a0ceb01685f73355d4360c1247f582bfafc8ff53"
    dependencies:
      "@babel/helper-get-function-arity" "^7.0.0"
      "@babel/template" "^7.1.0"
      "@babel/types" "^7.0.0"
  
  "@babel/helper-get-function-arity@^7.0.0":
    version "7.0.0"
    resolved "https://registry.yarnpkg.com/@babel/helper-get-function-arity/-/helper-get-function-arity-7.0.0.tgz#83572d4320e2a4657263734113c42868b64e49c3"
    dependencies:
      "@babel/types" "^7.0.0"
  
  "@babel/helper-hoist-variables@^7.0.0":
    version "7.0.0"
    resolved "https://registry.yarnpkg.com/@babel/helper-hoist-variables/-/helper-hoist-variables-7.0.0.tgz#46adc4c5e758645ae7a45deb92bab0918c23bb88"
    dependencies:
      "@babel/types" "^7.0.0"
  
  "@babel/helper-member-expression-to-functions@^7.0.0":
    version "7.0.0"
    resolved "https://registry.yarnpkg.com/@babel/helper-member-expression-to-functions/-/helper-member-expression-to-functions-7.0.0.tgz#8cd14b0a0df7ff00f009e7d7a436945f47c7a16f"
    dependencies:
      "@babel/types" "^7.0.0"
  
  "@babel/helper-module-imports@^7.0.0":
    version "7.0.0"
    resolved "https://registry.yarnpkg.com/@babel/helper-module-imports/-/helper-module-imports-7.0.0.tgz#96081b7111e486da4d2cd971ad1a4fe216cc2e3d"
    dependencies:
      "@babel/types" "^7.0.0"
  
  "@babel/helper-module-transforms@^7.1.0":
    version "7.2.2"
    resolved "https://registry.yarnpkg.com/@babel/helper-module-transforms/-/helper-module-transforms-7.2.2.tgz#ab2f8e8d231409f8370c883d20c335190284b963"
    dependencies:
      "@babel/helper-module-imports" "^7.0.0"
      "@babel/helper-simple-access" "^7.1.0"
      "@babel/helper-split-export-declaration" "^7.0.0"
      "@babel/template" "^7.2.2"
      "@babel/types" "^7.2.2"
      lodash "^4.17.10"
  
  "@babel/helper-optimise-call-expression@^7.0.0":
    version "7.0.0"
    resolved "https://registry.yarnpkg.com/@babel/helper-optimise-call-expression/-/helper-optimise-call-expression-7.0.0.tgz#a2920c5702b073c15de51106200aa8cad20497d5"
    dependencies:
      "@babel/types" "^7.0.0"
  
  "@babel/helper-plugin-utils@^7.0.0":
    version "7.0.0"
    resolved "https://registry.yarnpkg.com/@babel/helper-plugin-utils/-/helper-plugin-utils-7.0.0.tgz#bbb3fbee98661c569034237cc03967ba99b4f250"
  
  "@babel/helper-regex@^7.0.0":
    version "7.0.0"
    resolved "https://registry.yarnpkg.com/@babel/helper-regex/-/helper-regex-7.0.0.tgz#2c1718923b57f9bbe64705ffe5640ac64d9bdb27"
    dependencies:
      lodash "^4.17.10"
  
  "@babel/helper-replace-supers@^7.1.0":
    version "7.1.0"
    resolved "https://registry.yarnpkg.com/@babel/helper-replace-supers/-/helper-replace-supers-7.1.0.tgz#5fc31de522ec0ef0899dc9b3e7cf6a5dd655f362"
    dependencies:
      "@babel/helper-member-expression-to-functions" "^7.0.0"
      "@babel/helper-optimise-call-expression" "^7.0.0"
      "@babel/traverse" "^7.1.0"
      "@babel/types" "^7.0.0"
  
  "@babel/helper-simple-access@^7.1.0":
    version "7.1.0"
    resolved "https://registry.yarnpkg.com/@babel/helper-simple-access/-/helper-simple-access-7.1.0.tgz#65eeb954c8c245beaa4e859da6188f39d71e585c"
    dependencies:
      "@babel/template" "^7.1.0"
      "@babel/types" "^7.0.0"
  
  "@babel/helper-split-export-declaration@^7.0.0":
    version "7.0.0"
    resolved "https://registry.yarnpkg.com/@babel/helper-split-export-declaration/-/helper-split-export-declaration-7.0.0.tgz#3aae285c0311c2ab095d997b8c9a94cad547d813"
    dependencies:
      "@babel/types" "^7.0.0"
  
  "@babel/highlight@^7.0.0":
    version "7.0.0"
    resolved "https://registry.yarnpkg.com/@babel/highlight/-/highlight-7.0.0.tgz#f710c38c8d458e6dd9a201afb637fcb781ce99e4"
    dependencies:
      chalk "^2.0.0"
      esutils "^2.0.2"
      js-tokens "^4.0.0"
  
  "@babel/parser@^7.2.2":
    version "7.2.2"
    resolved "https://registry.yarnpkg.com/@babel/parser/-/parser-7.2.2.tgz#37ebdbc88a2e1ebc6c8dd3d35ea9436e3e39e477"
  
  "@babel/plugin-proposal-class-properties@^7.0.0":
    version "7.2.1"
    resolved "https://registry.yarnpkg.com/@babel/plugin-proposal-class-properties/-/plugin-proposal-class-properties-7.2.1.tgz#c734a53e0a1ec40fe5c22ee5069d26da3b187d05"
    dependencies:
      "@babel/helper-create-class-features-plugin" "^7.2.1"
      "@babel/helper-plugin-utils" "^7.0.0"
  
  "@babel/plugin-proposal-decorators@^7.1.0":
    version "7.2.2"
    resolved "https://registry.yarnpkg.com/@babel/plugin-proposal-decorators/-/plugin-proposal-decorators-7.2.2.tgz#e7ce762732760542a5268a49bd19251f06dccd08"
    dependencies:
      "@babel/helper-create-class-features-plugin" "^7.2.2"
      "@babel/helper-plugin-utils" "^7.0.0"
      "@babel/plugin-syntax-decorators" "^7.2.0"
  
  "@babel/plugin-proposal-export-default-from@^7.0.0":
    version "7.2.0"
    resolved "https://registry.yarnpkg.com/@babel/plugin-proposal-export-default-from/-/plugin-proposal-export-default-from-7.2.0.tgz#737b0da44b9254b6152fe29bb99c64e5691f6f68"
    dependencies:
      "@babel/helper-plugin-utils" "^7.0.0"
      "@babel/plugin-syntax-export-default-from" "^7.2.0"
  
  "@babel/plugin-proposal-nullish-coalescing-operator@^7.0.0":
    version "7.2.0"
    resolved "https://registry.yarnpkg.com/@babel/plugin-proposal-nullish-coalescing-operator/-/plugin-proposal-nullish-coalescing-operator-7.2.0.tgz#c3fda766187b2f2162657354407247a758ee9cf9"
    dependencies:
      "@babel/helper-plugin-utils" "^7.0.0"
      "@babel/plugin-syntax-nullish-coalescing-operator" "^7.2.0"
  
  "@babel/plugin-proposal-object-rest-spread@^7.0.0":
    version "7.2.0"
    resolved "https://registry.yarnpkg.com/@babel/plugin-proposal-object-rest-spread/-/plugin-proposal-object-rest-spread-7.2.0.tgz#88f5fec3e7ad019014c97f7ee3c992f0adbf7fb8"
    dependencies:
      "@babel/helper-plugin-utils" "^7.0.0"
      "@babel/plugin-syntax-object-rest-spread" "^7.2.0"
  
  "@babel/plugin-proposal-optional-catch-binding@^7.0.0":
    version "7.2.0"
    resolved "https://registry.yarnpkg.com/@babel/plugin-proposal-optional-catch-binding/-/plugin-proposal-optional-catch-binding-7.2.0.tgz#135d81edb68a081e55e56ec48541ece8065c38f5"
    dependencies:
      "@babel/helper-plugin-utils" "^7.0.0"
      "@babel/plugin-syntax-optional-catch-binding" "^7.2.0"
  
  "@babel/plugin-proposal-optional-chaining@^7.0.0":
    version "7.2.0"
    resolved "https://registry.yarnpkg.com/@babel/plugin-proposal-optional-chaining/-/plugin-proposal-optional-chaining-7.2.0.tgz#ae454f4c21c6c2ce8cb2397dc332ae8b420c5441"
    dependencies:
      "@babel/helper-plugin-utils" "^7.0.0"
      "@babel/plugin-syntax-optional-chaining" "^7.2.0"
  
  "@babel/plugin-syntax-decorators@^7.2.0":
    version "7.2.0"
    resolved "https://registry.yarnpkg.com/@babel/plugin-syntax-decorators/-/plugin-syntax-decorators-7.2.0.tgz#c50b1b957dcc69e4b1127b65e1c33eef61570c1b"
    dependencies:
      "@babel/helper-plugin-utils" "^7.0.0"
  
  "@babel/plugin-syntax-dynamic-import@^7.0.0":
    version "7.2.0"
    resolved "https://registry.yarnpkg.com/@babel/plugin-syntax-dynamic-import/-/plugin-syntax-dynamic-import-7.2.0.tgz#69c159ffaf4998122161ad8ebc5e6d1f55df8612"
    dependencies:
      "@babel/helper-plugin-utils" "^7.0.0"
  
  "@babel/plugin-syntax-export-default-from@^7.0.0", "@babel/plugin-syntax-export-default-from@^7.2.0":
    version "7.2.0"
    resolved "https://registry.yarnpkg.com/@babel/plugin-syntax-export-default-from/-/plugin-syntax-export-default-from-7.2.0.tgz#edd83b7adc2e0d059e2467ca96c650ab6d2f3820"
    dependencies:
      "@babel/helper-plugin-utils" "^7.0.0"
  
  "@babel/plugin-syntax-flow@^7.2.0":
    version "7.2.0"
    resolved "https://registry.yarnpkg.com/@babel/plugin-syntax-flow/-/plugin-syntax-flow-7.2.0.tgz#a765f061f803bc48f240c26f8747faf97c26bf7c"
    dependencies:
      "@babel/helper-plugin-utils" "^7.0.0"
  
  "@babel/plugin-syntax-jsx@^7.2.0":
    version "7.2.0"
    resolved "https://registry.yarnpkg.com/@babel/plugin-syntax-jsx/-/plugin-syntax-jsx-7.2.0.tgz#0b85a3b4bc7cdf4cc4b8bf236335b907ca22e7c7"
    dependencies:
      "@babel/helper-plugin-utils" "^7.0.0"
  
  "@babel/plugin-syntax-nullish-coalescing-operator@^7.2.0":
    version "7.2.0"
    resolved "https://registry.yarnpkg.com/@babel/plugin-syntax-nullish-coalescing-operator/-/plugin-syntax-nullish-coalescing-operator-7.2.0.tgz#f75083dfd5ade73e783db729bbd87e7b9efb7624"
    dependencies:
      "@babel/helper-plugin-utils" "^7.0.0"
  
  "@babel/plugin-syntax-object-rest-spread@^7.2.0":
    version "7.2.0"
    resolved "https://registry.yarnpkg.com/@babel/plugin-syntax-object-rest-spread/-/plugin-syntax-object-rest-spread-7.2.0.tgz#3b7a3e733510c57e820b9142a6579ac8b0dfad2e"
    dependencies:
      "@babel/helper-plugin-utils" "^7.0.0"
  
  "@babel/plugin-syntax-optional-catch-binding@^7.2.0":
    version "7.2.0"
    resolved "https://registry.yarnpkg.com/@babel/plugin-syntax-optional-catch-binding/-/plugin-syntax-optional-catch-binding-7.2.0.tgz#a94013d6eda8908dfe6a477e7f9eda85656ecf5c"
    dependencies:
      "@babel/helper-plugin-utils" "^7.0.0"
  
  "@babel/plugin-syntax-optional-chaining@^7.2.0":
    version "7.2.0"
    resolved "https://registry.yarnpkg.com/@babel/plugin-syntax-optional-chaining/-/plugin-syntax-optional-chaining-7.2.0.tgz#a59d6ae8c167e7608eaa443fda9fa8fa6bf21dff"
    dependencies:
      "@babel/helper-plugin-utils" "^7.0.0"
  
  "@babel/plugin-syntax-typescript@^7.2.0":
    version "7.2.0"
    resolved "https://registry.yarnpkg.com/@babel/plugin-syntax-typescript/-/plugin-syntax-typescript-7.2.0.tgz#55d240536bd314dcbbec70fd949c5cabaed1de29"
    dependencies:
      "@babel/helper-plugin-utils" "^7.0.0"
  
  "@babel/plugin-transform-arrow-functions@^7.0.0":
    version "7.2.0"
    resolved "https://registry.yarnpkg.com/@babel/plugin-transform-arrow-functions/-/plugin-transform-arrow-functions-7.2.0.tgz#9aeafbe4d6ffc6563bf8f8372091628f00779550"
    dependencies:
      "@babel/helper-plugin-utils" "^7.0.0"
  
  "@babel/plugin-transform-block-scoping@^7.0.0":
    version "7.2.0"
    resolved "https://registry.yarnpkg.com/@babel/plugin-transform-block-scoping/-/plugin-transform-block-scoping-7.2.0.tgz#f17c49d91eedbcdf5dd50597d16f5f2f770132d4"
    dependencies:
      "@babel/helper-plugin-utils" "^7.0.0"
      lodash "^4.17.10"
  
  "@babel/plugin-transform-classes@^7.0.0":
    version "7.2.2"
    resolved "https://registry.yarnpkg.com/@babel/plugin-transform-classes/-/plugin-transform-classes-7.2.2.tgz#6c90542f210ee975aa2aa8c8b5af7fa73a126953"
    dependencies:
      "@babel/helper-annotate-as-pure" "^7.0.0"
      "@babel/helper-define-map" "^7.1.0"
      "@babel/helper-function-name" "^7.1.0"
      "@babel/helper-optimise-call-expression" "^7.0.0"
      "@babel/helper-plugin-utils" "^7.0.0"
      "@babel/helper-replace-supers" "^7.1.0"
      "@babel/helper-split-export-declaration" "^7.0.0"
      globals "^11.1.0"
  
  "@babel/plugin-transform-computed-properties@^7.0.0":
    version "7.2.0"
    resolved "https://registry.yarnpkg.com/@babel/plugin-transform-computed-properties/-/plugin-transform-computed-properties-7.2.0.tgz#83a7df6a658865b1c8f641d510c6f3af220216da"
    dependencies:
      "@babel/helper-plugin-utils" "^7.0.0"
  
  "@babel/plugin-transform-destructuring@^7.0.0":
    version "7.2.0"
    resolved "https://registry.yarnpkg.com/@babel/plugin-transform-destructuring/-/plugin-transform-destructuring-7.2.0.tgz#e75269b4b7889ec3a332cd0d0c8cff8fed0dc6f3"
    dependencies:
      "@babel/helper-plugin-utils" "^7.0.0"
  
  "@babel/plugin-transform-exponentiation-operator@^7.0.0":
    version "7.2.0"
    resolved "https://registry.yarnpkg.com/@babel/plugin-transform-exponentiation-operator/-/plugin-transform-exponentiation-operator-7.2.0.tgz#a63868289e5b4007f7054d46491af51435766008"
    dependencies:
      "@babel/helper-builder-binary-assignment-operator-visitor" "^7.1.0"
      "@babel/helper-plugin-utils" "^7.0.0"
  
  "@babel/plugin-transform-flow-strip-types@^7.0.0":
    version "7.2.0"
    resolved "https://registry.yarnpkg.com/@babel/plugin-transform-flow-strip-types/-/plugin-transform-flow-strip-types-7.2.0.tgz#db6180d098caaabdd609a8da3800f5204e66b69b"
    dependencies:
      "@babel/helper-plugin-utils" "^7.0.0"
      "@babel/plugin-syntax-flow" "^7.2.0"
  
  "@babel/plugin-transform-for-of@^7.0.0":
    version "7.2.0"
    resolved "https://registry.yarnpkg.com/@babel/plugin-transform-for-of/-/plugin-transform-for-of-7.2.0.tgz#ab7468befa80f764bb03d3cb5eef8cc998e1cad9"
    dependencies:
      "@babel/helper-plugin-utils" "^7.0.0"
  
  "@babel/plugin-transform-function-name@^7.0.0":
    version "7.2.0"
    resolved "https://registry.yarnpkg.com/@babel/plugin-transform-function-name/-/plugin-transform-function-name-7.2.0.tgz#f7930362829ff99a3174c39f0afcc024ef59731a"
    dependencies:
      "@babel/helper-function-name" "^7.1.0"
      "@babel/helper-plugin-utils" "^7.0.0"
  
  "@babel/plugin-transform-literals@^7.0.0":
    version "7.2.0"
    resolved "https://registry.yarnpkg.com/@babel/plugin-transform-literals/-/plugin-transform-literals-7.2.0.tgz#690353e81f9267dad4fd8cfd77eafa86aba53ea1"
    dependencies:
      "@babel/helper-plugin-utils" "^7.0.0"
  
  "@babel/plugin-transform-modules-commonjs@^7.0.0":
    version "7.2.0"
    resolved "https://registry.yarnpkg.com/@babel/plugin-transform-modules-commonjs/-/plugin-transform-modules-commonjs-7.2.0.tgz#c4f1933f5991d5145e9cfad1dfd848ea1727f404"
    dependencies:
      "@babel/helper-module-transforms" "^7.1.0"
      "@babel/helper-plugin-utils" "^7.0.0"
      "@babel/helper-simple-access" "^7.1.0"
  
  "@babel/plugin-transform-object-assign@^7.0.0":
    version "7.2.0"
    resolved "https://registry.yarnpkg.com/@babel/plugin-transform-object-assign/-/plugin-transform-object-assign-7.2.0.tgz#6fdeea42be17040f119e38e23ea0f49f31968bde"
    dependencies:
      "@babel/helper-plugin-utils" "^7.0.0"
  
  "@babel/plugin-transform-parameters@^7.0.0":
    version "7.2.0"
    resolved "https://registry.yarnpkg.com/@babel/plugin-transform-parameters/-/plugin-transform-parameters-7.2.0.tgz#0d5ad15dc805e2ea866df4dd6682bfe76d1408c2"
    dependencies:
      "@babel/helper-call-delegate" "^7.1.0"
      "@babel/helper-get-function-arity" "^7.0.0"
      "@babel/helper-plugin-utils" "^7.0.0"
  
  "@babel/plugin-transform-react-display-name@^7.0.0":
    version "7.2.0"
    resolved "https://registry.yarnpkg.com/@babel/plugin-transform-react-display-name/-/plugin-transform-react-display-name-7.2.0.tgz#ebfaed87834ce8dc4279609a4f0c324c156e3eb0"
    dependencies:
      "@babel/helper-plugin-utils" "^7.0.0"
  
  "@babel/plugin-transform-react-jsx-source@^7.0.0":
    version "7.2.0"
    resolved "https://registry.yarnpkg.com/@babel/plugin-transform-react-jsx-source/-/plugin-transform-react-jsx-source-7.2.0.tgz#20c8c60f0140f5dd3cd63418d452801cf3f7180f"
    dependencies:
      "@babel/helper-plugin-utils" "^7.0.0"
      "@babel/plugin-syntax-jsx" "^7.2.0"
  
  "@babel/plugin-transform-react-jsx@^7.0.0":
    version "7.2.0"
    resolved "https://registry.yarnpkg.com/@babel/plugin-transform-react-jsx/-/plugin-transform-react-jsx-7.2.0.tgz#ca36b6561c4d3b45524f8efb6f0fbc9a0d1d622f"
    dependencies:
      "@babel/helper-builder-react-jsx" "^7.0.0"
      "@babel/helper-plugin-utils" "^7.0.0"
      "@babel/plugin-syntax-jsx" "^7.2.0"
  
  "@babel/plugin-transform-regenerator@^7.0.0":
    version "7.0.0"
    resolved "https://registry.yarnpkg.com/@babel/plugin-transform-regenerator/-/plugin-transform-regenerator-7.0.0.tgz#5b41686b4ed40bef874d7ed6a84bdd849c13e0c1"
    dependencies:
      regenerator-transform "^0.13.3"
  
  "@babel/plugin-transform-runtime@^7.0.0":
    version "7.2.0"
    resolved "https://registry.yarnpkg.com/@babel/plugin-transform-runtime/-/plugin-transform-runtime-7.2.0.tgz#566bc43f7d0aedc880eaddbd29168d0f248966ea"
    dependencies:
      "@babel/helper-module-imports" "^7.0.0"
      "@babel/helper-plugin-utils" "^7.0.0"
      resolve "^1.8.1"
      semver "^5.5.1"
  
  "@babel/plugin-transform-shorthand-properties@^7.0.0":
    version "7.2.0"
    resolved "https://registry.yarnpkg.com/@babel/plugin-transform-shorthand-properties/-/plugin-transform-shorthand-properties-7.2.0.tgz#6333aee2f8d6ee7e28615457298934a3b46198f0"
    dependencies:
      "@babel/helper-plugin-utils" "^7.0.0"
  
  "@babel/plugin-transform-spread@^7.0.0":
    version "7.2.2"
    resolved "https://registry.yarnpkg.com/@babel/plugin-transform-spread/-/plugin-transform-spread-7.2.2.tgz#3103a9abe22f742b6d406ecd3cd49b774919b406"
    dependencies:
      "@babel/helper-plugin-utils" "^7.0.0"
  
  "@babel/plugin-transform-sticky-regex@^7.0.0":
    version "7.2.0"
    resolved "https://registry.yarnpkg.com/@babel/plugin-transform-sticky-regex/-/plugin-transform-sticky-regex-7.2.0.tgz#a1e454b5995560a9c1e0d537dfc15061fd2687e1"
    dependencies:
      "@babel/helper-plugin-utils" "^7.0.0"
      "@babel/helper-regex" "^7.0.0"
  
  "@babel/plugin-transform-template-literals@^7.0.0":
    version "7.2.0"
    resolved "https://registry.yarnpkg.com/@babel/plugin-transform-template-literals/-/plugin-transform-template-literals-7.2.0.tgz#d87ed01b8eaac7a92473f608c97c089de2ba1e5b"
    dependencies:
      "@babel/helper-annotate-as-pure" "^7.0.0"
      "@babel/helper-plugin-utils" "^7.0.0"
  
  "@babel/plugin-transform-typescript@^7.0.0":
    version "7.2.0"
    resolved "https://registry.yarnpkg.com/@babel/plugin-transform-typescript/-/plugin-transform-typescript-7.2.0.tgz#bce7c06300434de6a860ae8acf6a442ef74a99d1"
    dependencies:
      "@babel/helper-plugin-utils" "^7.0.0"
      "@babel/plugin-syntax-typescript" "^7.2.0"
  
  "@babel/plugin-transform-unicode-regex@^7.0.0":
    version "7.2.0"
    resolved "https://registry.yarnpkg.com/@babel/plugin-transform-unicode-regex/-/plugin-transform-unicode-regex-7.2.0.tgz#4eb8db16f972f8abb5062c161b8b115546ade08b"
    dependencies:
      "@babel/helper-plugin-utils" "^7.0.0"
      "@babel/helper-regex" "^7.0.0"
      regexpu-core "^4.1.3"
  
  "@babel/runtime@^7.1.2":
    version "7.2.0"
    resolved "https://registry.yarnpkg.com/@babel/runtime/-/runtime-7.2.0.tgz#b03e42eeddf5898e00646e4c840fa07ba8dcad7f"
    dependencies:
      regenerator-runtime "^0.12.0"
  
  "@babel/template@^7.0.0", "@babel/template@^7.1.0", "@babel/template@^7.2.2":
    version "7.2.2"
    resolved "https://registry.yarnpkg.com/@babel/template/-/template-7.2.2.tgz#005b3fdf0ed96e88041330379e0da9a708eb2907"
    dependencies:
      "@babel/code-frame" "^7.0.0"
      "@babel/parser" "^7.2.2"
      "@babel/types" "^7.2.2"
  
  "@babel/traverse@^7.1.0":
    version "7.2.2"
    resolved "https://registry.yarnpkg.com/@babel/traverse/-/traverse-7.2.2.tgz#961039de1f9bcb946d807efe2dba9c92e859d188"
    dependencies:
      "@babel/code-frame" "^7.0.0"
      "@babel/generator" "^7.2.2"
      "@babel/helper-function-name" "^7.1.0"
      "@babel/helper-split-export-declaration" "^7.0.0"
      "@babel/parser" "^7.2.2"
      "@babel/types" "^7.2.2"
      debug "^4.1.0"
      globals "^11.1.0"
      lodash "^4.17.10"
  
  "@babel/types@^7.0.0", "@babel/types@^7.2.2":
    version "7.2.2"
    resolved "https://registry.yarnpkg.com/@babel/types/-/types-7.2.2.tgz#44e10fc24e33af524488b716cdaee5360ea8ed1e"
    dependencies:
      esutils "^2.0.2"
      lodash "^4.17.10"
      to-fast-properties "^2.0.0"
  
  abab@^1.0.0:
    version "1.0.4"
    resolved "https://registry.yarnpkg.com/abab/-/abab-1.0.4.tgz#5faad9c2c07f60dd76770f71cf025b62a63cfd4e"
  
  acorn-globals@^1.0.4:
    version "1.0.9"
    resolved "http://registry.npmjs.org/acorn-globals/-/acorn-globals-1.0.9.tgz#55bb5e98691507b74579d0513413217c380c54cf"
    dependencies:
      acorn "^2.1.0"
  
  acorn@^2.1.0, acorn@^2.4.0:
    version "2.7.0"
    resolved "http://registry.npmjs.org/acorn/-/acorn-2.7.0.tgz#ab6e7d9d886aaca8b085bc3312b79a198433f0e7"
  
  ajv@^6.5.5:
    version "6.6.2"
    resolved "https://registry.yarnpkg.com/ajv/-/ajv-6.6.2.tgz#caceccf474bf3fc3ce3b147443711a24063cc30d"
    dependencies:
      fast-deep-equal "^2.0.1"
      fast-json-stable-stringify "^2.0.0"
      json-schema-traverse "^0.4.1"
      uri-js "^4.2.2"
  
  ansi-regex@^2.0.0:
    version "2.1.1"
    resolved "https://registry.yarnpkg.com/ansi-regex/-/ansi-regex-2.1.1.tgz#c3b33ab5ee360d86e0e628f0468ae7ef27d654df"
  
  ansi-regex@^3.0.0:
    version "3.0.0"
    resolved "https://registry.yarnpkg.com/ansi-regex/-/ansi-regex-3.0.0.tgz#ed0317c322064f79466c02966bddb605ab37d998"
  
  ansi-styles@^2.1.0:
    version "2.2.1"
    resolved "https://registry.yarnpkg.com/ansi-styles/-/ansi-styles-2.2.1.tgz#b432dd3358b634cf75e1e4664368240533c1ddbe"
  
  ansi-styles@^3.2.1:
    version "3.2.1"
    resolved "https://registry.yarnpkg.com/ansi-styles/-/ansi-styles-3.2.1.tgz#41fbb20243e50b12be0f04b8dedbf07520ce841d"
    dependencies:
      color-convert "^1.9.0"
  
  asn1@~0.2.3:
    version "0.2.4"
    resolved "https://registry.yarnpkg.com/asn1/-/asn1-0.2.4.tgz#8d2475dfab553bb33e77b54e59e880bb8ce23136"
    dependencies:
      safer-buffer "~2.1.0"
  
  assert-plus@1.0.0, assert-plus@^1.0.0:
    version "1.0.0"
    resolved "https://registry.yarnpkg.com/assert-plus/-/assert-plus-1.0.0.tgz#f12e0f3c5d77b0b1cdd9146942e4e96c1e4dd525"
  
  asynckit@^0.4.0:
    version "0.4.0"
    resolved "https://registry.yarnpkg.com/asynckit/-/asynckit-0.4.0.tgz#c79ed97f7f34cb8f2ba1bc9790bcc366474b4b79"
  
  aws-sign2@~0.7.0:
    version "0.7.0"
    resolved "https://registry.yarnpkg.com/aws-sign2/-/aws-sign2-0.7.0.tgz#b46e890934a9591f2d2f6f86d7e6a9f1b3fe76a8"
  
  aws4@^1.8.0:
    version "1.8.0"
    resolved "https://registry.yarnpkg.com/aws4/-/aws4-1.8.0.tgz#f0e003d9ca9e7f59c7a508945d7b2ef9a04a542f"
  
  babel-plugin-module-resolver@^3.1.1:
    version "3.1.1"
    resolved "https://registry.yarnpkg.com/babel-plugin-module-resolver/-/babel-plugin-module-resolver-3.1.1.tgz#881cf67e3d4b8400d5eaaefc1be44d2dc1fe404f"
    dependencies:
      find-babel-config "^1.1.0"
      glob "^7.1.2"
      pkg-up "^2.0.0"
      reselect "^3.0.1"
      resolve "^1.4.0"
  
  babel-preset-expo@^5.0.0:
    version "5.0.0"
    resolved "https://registry.yarnpkg.com/babel-preset-expo/-/babel-preset-expo-5.0.0.tgz#d1569579c7326391d589b031ed688061f959e378"
    dependencies:
      "@babel/plugin-proposal-decorators" "^7.1.0"
      babel-plugin-module-resolver "^3.1.1"
      metro-react-native-babel-preset "^0.49.0"
  
  balanced-match@^1.0.0:
    version "1.0.0"
    resolved "https://registry.yarnpkg.com/balanced-match/-/balanced-match-1.0.0.tgz#89b4d199ab2bee49de164ea02b89ce462d71b767"
  
  bcrypt-pbkdf@^1.0.0:
    version "1.0.2"
    resolved "https://registry.yarnpkg.com/bcrypt-pbkdf/-/bcrypt-pbkdf-1.0.2.tgz#a4301d389b6a43f9b67ff3ca11a3f6637e360e9e"
    dependencies:
      tweetnacl "^0.14.3"
  
  blueimp-md5@^2.5.0:
    version "2.10.0"
    resolved "https://registry.yarnpkg.com/blueimp-md5/-/blueimp-md5-2.10.0.tgz#02f0843921f90dca14f5b8920a38593201d6964d"
  
  boolbase@~1.0.0:
    version "1.0.0"
    resolved "https://registry.yarnpkg.com/boolbase/-/boolbase-1.0.0.tgz#68dff5fbe60c51eb37725ea9e3ed310dcc1e776e"
  
  brace-expansion@^1.1.7:
    version "1.1.11"
    resolved "https://registry.yarnpkg.com/brace-expansion/-/brace-expansion-1.1.11.tgz#3c7fcbf529d87226f3d2f52b966ff5271eb441dd"
    dependencies:
      balanced-match "^1.0.0"
      concat-map "0.0.1"
  
  builtin-modules@^1.0.0:
    version "1.1.1"
    resolved "https://registry.yarnpkg.com/builtin-modules/-/builtin-modules-1.1.1.tgz#270f076c5a72c02f5b65a47df94c5fe3a278892f"
  
  camelcase@^4.1.0:
    version "4.1.0"
    resolved "https://registry.yarnpkg.com/camelcase/-/camelcase-4.1.0.tgz#d545635be1e33c542649c69173e5de6acfae34dd"
  
  caseless@~0.12.0:
    version "0.12.0"
    resolved "https://registry.yarnpkg.com/caseless/-/caseless-0.12.0.tgz#1b681c21ff84033c826543090689420d187151dc"
  
  chalk@1.1.1:
    version "1.1.1"
    resolved "http://registry.npmjs.org/chalk/-/chalk-1.1.1.tgz#509afb67066e7499f7eb3535c77445772ae2d019"
    dependencies:
      ansi-styles "^2.1.0"
      escape-string-regexp "^1.0.2"
      has-ansi "^2.0.0"
      strip-ansi "^3.0.0"
      supports-color "^2.0.0"
  
  chalk@^2.0.0:
    version "2.4.1"
    resolved "https://registry.yarnpkg.com/chalk/-/chalk-2.4.1.tgz#18c49ab16a037b6eb0152cc83e3471338215b66e"
    dependencies:
      ansi-styles "^3.2.1"
      escape-string-regexp "^1.0.5"
      supports-color "^5.3.0"
  
  cheerio-without-node-native@^0.20.2:
    version "0.20.2"
    resolved "http://registry.npmjs.org/cheerio-without-node-native/-/cheerio-without-node-native-0.20.2.tgz#6d97f9c8995156196b3425fa1139295b17b74c73"
    dependencies:
      css-select "~1.2.0"
      dom-serializer "~0.1.0"
      entities "~1.1.1"
      htmlparser2-without-node-native "^3.9.0"
      lodash "^4.1.0"
    optionalDependencies:
      jsdom "^7.0.2"
  
  clamp@^1.0.1:
    version "1.0.1"
    resolved "https://registry.yarnpkg.com/clamp/-/clamp-1.0.1.tgz#66a0e64011816e37196828fdc8c8c147312c8634"
  
  cliui@^3.2.0:
    version "3.2.0"
    resolved "https://registry.yarnpkg.com/cliui/-/cliui-3.2.0.tgz#120601537a916d29940f934da3b48d585a39213d"
    dependencies:
      string-width "^1.0.1"
      strip-ansi "^3.0.1"
      wrap-ansi "^2.0.0"
  
  code-point-at@^1.0.0:
    version "1.1.0"
    resolved "https://registry.yarnpkg.com/code-point-at/-/code-point-at-1.1.0.tgz#0d070b4d043a5bea33a2f1a40e2edb3d9a4ccf77"
  
  color-convert@^1.8.2, color-convert@^1.9.0:
    version "1.9.3"
    resolved "https://registry.yarnpkg.com/color-convert/-/color-convert-1.9.3.tgz#bb71850690e1f136567de629d2d5471deda4c1e8"
    dependencies:
      color-name "1.1.3"
  
  color-name@1.1.3:
    version "1.1.3"
    resolved "https://registry.yarnpkg.com/color-name/-/color-name-1.1.3.tgz#a7d0558bd89c42f795dd42328f740831ca53bc25"
  
  color-name@^1.0.0:
    version "1.1.4"
    resolved "https://registry.yarnpkg.com/color-name/-/color-name-1.1.4.tgz#c2a09a87acbde69543de6f63fa3995c826c536a2"
  
  color-string@^1.4.0:
    version "1.5.3"
    resolved "https://registry.yarnpkg.com/color-string/-/color-string-1.5.3.tgz#c9bbc5f01b58b5492f3d6857459cb6590ce204cc"
    dependencies:
      color-name "^1.0.0"
      simple-swizzle "^0.2.2"
  
  color@~1.0.3:
    version "1.0.3"
    resolved "http://registry.npmjs.org/color/-/color-1.0.3.tgz#e48e832d85f14ef694fb468811c2d5cfe729b55d"
    dependencies:
      color-convert "^1.8.2"
      color-string "^1.4.0"
  
  combined-stream@^1.0.6, combined-stream@~1.0.6:
    version "1.0.7"
    resolved "https://registry.yarnpkg.com/combined-stream/-/combined-stream-1.0.7.tgz#2d1d24317afb8abe95d6d2c0b07b57813539d828"
    dependencies:
      delayed-stream "~1.0.0"
  
  concat-map@0.0.1:
    version "0.0.1"
    resolved "https://registry.yarnpkg.com/concat-map/-/concat-map-0.0.1.tgz#d8a96bd77fd68df7793a73036a3ba0d5405d477b"
  
  core-util-is@1.0.2, core-util-is@~1.0.0:
    version "1.0.2"
    resolved "https://registry.yarnpkg.com/core-util-is/-/core-util-is-1.0.2.tgz#b5fd54220aa2bc5ab57aab7140c940754503c1a7"
  
  cross-spawn@^5.0.1:
    version "5.1.0"
    resolved "https://registry.yarnpkg.com/cross-spawn/-/cross-spawn-5.1.0.tgz#e8bd0efee58fcff6f8f94510a0a554bbfa235449"
    dependencies:
      lru-cache "^4.0.1"
      shebang-command "^1.2.0"
      which "^1.2.9"
  
  css-select@~1.2.0:
    version "1.2.0"
    resolved "http://registry.npmjs.org/css-select/-/css-select-1.2.0.tgz#2b3a110539c5355f1cd8d314623e870b121ec858"
    dependencies:
      boolbase "~1.0.0"
      css-what "2.1"
      domutils "1.5.1"
      nth-check "~1.0.1"
  
  css-what@2.1:
    version "2.1.2"
    resolved "https://registry.yarnpkg.com/css-what/-/css-what-2.1.2.tgz#c0876d9d0480927d7d4920dcd72af3595649554d"
  
  cssom@0.3.x, "cssom@>= 0.3.0 < 0.4.0":
    version "0.3.4"
    resolved "https://registry.yarnpkg.com/cssom/-/cssom-0.3.4.tgz#8cd52e8a3acfd68d3aed38ee0a640177d2f9d797"
  
  "cssstyle@>= 0.2.29 < 0.3.0":
    version "0.2.37"
    resolved "https://registry.yarnpkg.com/cssstyle/-/cssstyle-0.2.37.tgz#541097234cb2513c83ceed3acddc27ff27987d54"
    dependencies:
      cssom "0.3.x"
  
  dashdash@^1.12.0:
    version "1.14.1"
    resolved "https://registry.yarnpkg.com/dashdash/-/dashdash-1.14.1.tgz#853cfa0f7cbe2fed5de20326b8dd581035f6e2f0"
    dependencies:
      assert-plus "^1.0.0"
  
  debug@^4.1.0:
    version "4.1.0"
    resolved "https://registry.yarnpkg.com/debug/-/debug-4.1.0.tgz#373687bffa678b38b1cd91f861b63850035ddc87"
    dependencies:
      ms "^2.1.1"
  
  decamelize@^1.1.1:
    version "1.2.0"
    resolved "https://registry.yarnpkg.com/decamelize/-/decamelize-1.2.0.tgz#f6534d15148269b20352e7bee26f501f9a191290"
  
  deep-diff@^0.3.5:
    version "0.3.8"
    resolved "https://registry.yarnpkg.com/deep-diff/-/deep-diff-0.3.8.tgz#c01de63efb0eec9798801d40c7e0dae25b582c84"
  
  deep-is@~0.1.3:
    version "0.1.3"
    resolved "https://registry.yarnpkg.com/deep-is/-/deep-is-0.1.3.tgz#b369d6fb5dbc13eecf524f91b070feedc357cf34"
  
  delayed-stream@~1.0.0:
    version "1.0.0"
    resolved "https://registry.yarnpkg.com/delayed-stream/-/delayed-stream-1.0.0.tgz#df3ae199acadfb7d440aaae0b29e2272b24ec619"
  
  dom-serializer@0, dom-serializer@~0.1.0:
    version "0.1.0"
    resolved "https://registry.yarnpkg.com/dom-serializer/-/dom-serializer-0.1.0.tgz#073c697546ce0780ce23be4a28e293e40bc30c82"
    dependencies:
      domelementtype "~1.1.1"
      entities "~1.1.1"
  
  dom-walk@^0.1.0:
    version "0.1.1"
    resolved "https://registry.yarnpkg.com/dom-walk/-/dom-walk-0.1.1.tgz#672226dc74c8f799ad35307df936aba11acd6018"
  
  domelementtype@1, domelementtype@^1.3.0:
    version "1.3.1"
    resolved "https://registry.yarnpkg.com/domelementtype/-/domelementtype-1.3.1.tgz#d048c44b37b0d10a7f2a3d5fee3f4333d790481f"
  
  domelementtype@~1.1.1:
    version "1.1.3"
    resolved "http://registry.npmjs.org/domelementtype/-/domelementtype-1.1.3.tgz#bd28773e2642881aec51544924299c5cd822185b"
  
  domhandler@^2.3.0:
    version "2.4.2"
    resolved "https://registry.yarnpkg.com/domhandler/-/domhandler-2.4.2.tgz#8805097e933d65e85546f726d60f5eb88b44f803"
    dependencies:
      domelementtype "1"
  
  domutils@1.5.1:
    version "1.5.1"
    resolved "https://registry.yarnpkg.com/domutils/-/domutils-1.5.1.tgz#dcd8488a26f563d61079e48c9f7b7e32373682cf"
    dependencies:
      dom-serializer "0"
      domelementtype "1"
  
  domutils@^1.5.1:
    version "1.7.0"
    resolved "https://registry.yarnpkg.com/domutils/-/domutils-1.7.0.tgz#56ea341e834e06e6748af7a1cb25da67ea9f8c2a"
    dependencies:
      dom-serializer "0"
      domelementtype "1"
  
  ecc-jsbn@~0.1.1:
    version "0.1.2"
    resolved "https://registry.yarnpkg.com/ecc-jsbn/-/ecc-jsbn-0.1.2.tgz#3a83a904e54353287874c564b7549386849a98c9"
    dependencies:
      jsbn "~0.1.0"
      safer-buffer "^2.1.0"
  
  entities@^1.1.1, entities@~1.1.1:
    version "1.1.2"
    resolved "https://registry.yarnpkg.com/entities/-/entities-1.1.2.tgz#bdfa735299664dfafd34529ed4f8522a275fea56"
  
  error-ex@^1.2.0:
    version "1.3.2"
    resolved "https://registry.yarnpkg.com/error-ex/-/error-ex-1.3.2.tgz#b4ac40648107fdcdcfae242f428bea8a14d4f1bf"
    dependencies:
      is-arrayish "^0.2.1"
  
  escape-string-regexp@^1.0.2, escape-string-regexp@^1.0.5:
    version "1.0.5"
    resolved "https://registry.yarnpkg.com/escape-string-regexp/-/escape-string-regexp-1.0.5.tgz#1b61c0562190a8dff6ae3bb2cf0200ca130b86d4"
  
  escodegen@^1.6.1:
    version "1.11.0"
    resolved "https://registry.yarnpkg.com/escodegen/-/escodegen-1.11.0.tgz#b27a9389481d5bfd5bec76f7bb1eb3f8f4556589"
    dependencies:
      esprima "^3.1.3"
      estraverse "^4.2.0"
      esutils "^2.0.2"
      optionator "^0.8.1"
    optionalDependencies:
      source-map "~0.6.1"
  
  esprima@^3.1.3:
    version "3.1.3"
    resolved "https://registry.yarnpkg.com/esprima/-/esprima-3.1.3.tgz#fdca51cee6133895e3c88d535ce49dbff62a4633"
  
  estraverse@^4.2.0:
    version "4.2.0"
    resolved "https://registry.yarnpkg.com/estraverse/-/estraverse-4.2.0.tgz#0dee3fed31fcd469618ce7342099fc1afa0bdb13"
  
  esutils@^2.0.0, esutils@^2.0.2:
    version "2.0.2"
    resolved "https://registry.yarnpkg.com/esutils/-/esutils-2.0.2.tgz#0abf4f1caa5bcb1f7a9d8acc6dea4faaa04bac9b"
  
  eventemitter2@^1.0.0:
    version "1.0.5"
    resolved "http://registry.npmjs.org/eventemitter2/-/eventemitter2-1.0.5.tgz#f983610517b1737c0b9dc643beca93893c04df18"
  
  execa@^0.7.0:
    version "0.7.0"
    resolved "https://registry.yarnpkg.com/execa/-/execa-0.7.0.tgz#944becd34cc41ee32a63a9faf27ad5a65fc59777"
    dependencies:
      cross-spawn "^5.0.1"
      get-stream "^3.0.0"
      is-stream "^1.1.0"
      npm-run-path "^2.0.0"
      p-finally "^1.0.0"
      signal-exit "^3.0.0"
      strip-eof "^1.0.0"
  
  extend@~3.0.2:
    version "3.0.2"
    resolved "https://registry.yarnpkg.com/extend/-/extend-3.0.2.tgz#f8b1136b4071fbd8eb140aff858b1019ec2915fa"
  
  extsprintf@1.3.0:
    version "1.3.0"
    resolved "https://registry.yarnpkg.com/extsprintf/-/extsprintf-1.3.0.tgz#96918440e3041a7a414f8c52e3c574eb3c3e1e05"
  
  extsprintf@^1.2.0:
    version "1.4.0"
    resolved "https://registry.yarnpkg.com/extsprintf/-/extsprintf-1.4.0.tgz#e2689f8f356fad62cca65a3a91c5df5f9551692f"
  
  fast-deep-equal@^2.0.1:
    version "2.0.1"
    resolved "https://registry.yarnpkg.com/fast-deep-equal/-/fast-deep-equal-2.0.1.tgz#7b05218ddf9667bf7f370bf7fdb2cb15fdd0aa49"
  
  fast-json-stable-stringify@^2.0.0:
    version "2.0.0"
    resolved "https://registry.yarnpkg.com/fast-json-stable-stringify/-/fast-json-stable-stringify-2.0.0.tgz#d5142c0caee6b1189f87d3a76111064f86c8bbf2"
  
  fast-levenshtein@~2.0.4:
    version "2.0.6"
    resolved "https://registry.yarnpkg.com/fast-levenshtein/-/fast-levenshtein-2.0.6.tgz#3d8a5c66883a16a30ca8643e851f19baa7797917"
  
  find-babel-config@^1.1.0:
    version "1.1.0"
    resolved "https://registry.yarnpkg.com/find-babel-config/-/find-babel-config-1.1.0.tgz#acc01043a6749fec34429be6b64f542ebb5d6355"
    dependencies:
      json5 "^0.5.1"
      path-exists "^3.0.0"
  
  find-up@^2.0.0, find-up@^2.1.0:
    version "2.1.0"
    resolved "https://registry.yarnpkg.com/find-up/-/find-up-2.1.0.tgz#45d1b7e506c717ddd482775a2b77920a3c0c57a7"
    dependencies:
      locate-path "^2.0.0"
  
  forever-agent@~0.6.1:
    version "0.6.1"
    resolved "https://registry.yarnpkg.com/forever-agent/-/forever-agent-0.6.1.tgz#fbc71f0c41adeb37f96c577ad1ed42d8fdacca91"
  
  form-data@~2.3.2:
    version "2.3.3"
    resolved "https://registry.yarnpkg.com/form-data/-/form-data-2.3.3.tgz#dcce52c05f644f298c6a7ab936bd724ceffbf3a6"
    dependencies:
      asynckit "^0.4.0"
      combined-stream "^1.0.6"
      mime-types "^2.1.12"
  
  fs-extra@^2.0.0:
    version "2.1.2"
    resolved "https://registry.yarnpkg.com/fs-extra/-/fs-extra-2.1.2.tgz#046c70163cef9aad46b0e4a7fa467fb22d71de35"
    dependencies:
      graceful-fs "^4.1.2"
      jsonfile "^2.1.0"
  
  fs.realpath@^1.0.0:
    version "1.0.0"
    resolved "https://registry.yarnpkg.com/fs.realpath/-/fs.realpath-1.0.0.tgz#1504ad2523158caa40db4a2787cb01411994ea4f"
  
  get-caller-file@^1.0.1:
    version "1.0.3"
    resolved "https://registry.yarnpkg.com/get-caller-file/-/get-caller-file-1.0.3.tgz#f978fa4c90d1dfe7ff2d6beda2a515e713bdcf4a"
  
  get-stream@^3.0.0:
    version "3.0.0"
    resolved "http://registry.npmjs.org/get-stream/-/get-stream-3.0.0.tgz#8e943d1358dc37555054ecbe2edb05aa174ede14"
  
  getpass@^0.1.1:
    version "0.1.7"
    resolved "https://registry.yarnpkg.com/getpass/-/getpass-0.1.7.tgz#5eff8e3e684d569ae4cb2b1282604e8ba62149fa"
    dependencies:
      assert-plus "^1.0.0"
  
  glob@^7.1.2:
    version "7.1.3"
    resolved "https://registry.yarnpkg.com/glob/-/glob-7.1.3.tgz#3960832d3f1574108342dafd3a67b332c0969df1"
    dependencies:
      fs.realpath "^1.0.0"
      inflight "^1.0.4"
      inherits "2"
      minimatch "^3.0.4"
      once "^1.3.0"
      path-is-absolute "^1.0.0"
  
  global@^4.3.0:
    version "4.3.2"
    resolved "https://registry.yarnpkg.com/global/-/global-4.3.2.tgz#e76989268a6c74c38908b1305b10fc0e394e9d0f"
    dependencies:
      min-document "^2.19.0"
      process "~0.5.1"
  
  globals@^11.1.0:
    version "11.9.0"
    resolved "https://registry.yarnpkg.com/globals/-/globals-11.9.0.tgz#bde236808e987f290768a93d065060d78e6ab249"
  
  graceful-fs@^4.1.2, graceful-fs@^4.1.6:
    version "4.1.15"
    resolved "https://registry.yarnpkg.com/graceful-fs/-/graceful-fs-4.1.15.tgz#ffb703e1066e8a0eeaa4c8b80ba9253eeefbfb00"
  
  har-schema@^2.0.0:
    version "2.0.0"
    resolved "https://registry.yarnpkg.com/har-schema/-/har-schema-2.0.0.tgz#a94c2224ebcac04782a0d9035521f24735b7ec92"
  
  har-validator@~5.1.0:
    version "5.1.3"
    resolved "https://registry.yarnpkg.com/har-validator/-/har-validator-5.1.3.tgz#1ef89ebd3e4996557675eed9893110dc350fa080"
    dependencies:
      ajv "^6.5.5"
      har-schema "^2.0.0"
  
  has-ansi@^2.0.0:
    version "2.0.0"
    resolved "https://registry.yarnpkg.com/has-ansi/-/has-ansi-2.0.0.tgz#34f5049ce1ecdf2b0649af3ef24e45ed35416d91"
    dependencies:
      ansi-regex "^2.0.0"
  
  has-flag@^3.0.0:
    version "3.0.0"
    resolved "https://registry.yarnpkg.com/has-flag/-/has-flag-3.0.0.tgz#b5d454dc2199ae225699f3467e5a07f3b955bafd"
  
  hoist-non-react-statics@^1.0.5:
    version "1.2.0"
    resolved "http://registry.npmjs.org/hoist-non-react-statics/-/hoist-non-react-statics-1.2.0.tgz#aa448cf0986d55cc40773b17174b7dd066cb7cfb"
  
  hoist-non-react-statics@^2.2.0, hoist-non-react-statics@^2.3.1:
    version "2.5.5"
    resolved "https://registry.yarnpkg.com/hoist-non-react-statics/-/hoist-non-react-statics-2.5.5.tgz#c5903cf409c0dfd908f388e619d86b9c1174cb47"
  
  hoist-non-react-statics@^3.1.0:
    version "3.2.1"
    resolved "https://registry.yarnpkg.com/hoist-non-react-statics/-/hoist-non-react-statics-3.2.1.tgz#c09c0555c84b38a7ede6912b61efddafd6e75e1e"
    dependencies:
      react-is "^16.3.2"
  
  hosted-git-info@^2.1.4:
    version "2.7.1"
    resolved "https://registry.yarnpkg.com/hosted-git-info/-/hosted-git-info-2.7.1.tgz#97f236977bd6e125408930ff6de3eec6281ec047"
  
  htmlparser2-without-node-native@^3.9.0:
    version "3.9.2"
    resolved "https://registry.yarnpkg.com/htmlparser2-without-node-native/-/htmlparser2-without-node-native-3.9.2.tgz#b3ed050d877d0ff3465969e339877b7f9f6631f6"
    dependencies:
      domelementtype "^1.3.0"
      domhandler "^2.3.0"
      domutils "^1.5.1"
      entities "^1.1.1"
      eventemitter2 "^1.0.0"
      inherits "^2.0.1"
      readable-stream "^2.0.2"
  
  http-signature@~1.2.0:
    version "1.2.0"
    resolved "https://registry.yarnpkg.com/http-signature/-/http-signature-1.2.0.tgz#9aecd925114772f3d95b65a60abb8f7c18fbace1"
    dependencies:
      assert-plus "^1.0.0"
      jsprim "^1.2.2"
      sshpk "^1.7.0"
  
  inflight@^1.0.4:
    version "1.0.6"
    resolved "https://registry.yarnpkg.com/inflight/-/inflight-1.0.6.tgz#49bd6331d7d02d0c09bc910a1075ba8165b56df9"
    dependencies:
      once "^1.3.0"
      wrappy "1"
  
  inherits@2, inherits@^2.0.1, inherits@~2.0.3:
    version "2.0.3"
    resolved "https://registry.yarnpkg.com/inherits/-/inherits-2.0.3.tgz#633c2c83e3da42a502f52466022480f4208261de"
  
  invariant@^2.2.4:
    version "2.2.4"
    resolved "https://registry.yarnpkg.com/invariant/-/invariant-2.2.4.tgz#610f3c92c9359ce1db616e538008d23ff35158e6"
    dependencies:
      loose-envify "^1.0.0"
  
  invert-kv@^1.0.0:
    version "1.0.0"
    resolved "https://registry.yarnpkg.com/invert-kv/-/invert-kv-1.0.0.tgz#104a8e4aaca6d3d8cd157a8ef8bfab2d7a3ffdb6"
  
  is-arrayish@^0.2.1:
    version "0.2.1"
    resolved "https://registry.yarnpkg.com/is-arrayish/-/is-arrayish-0.2.1.tgz#77c99840527aa8ecb1a8ba697b80645a7a926a9d"
  
  is-arrayish@^0.3.1:
    version "0.3.2"
    resolved "https://registry.yarnpkg.com/is-arrayish/-/is-arrayish-0.3.2.tgz#4574a2ae56f7ab206896fb431eaeed066fdf8f03"
  
  is-builtin-module@^1.0.0:
    version "1.0.0"
    resolved "http://registry.npmjs.org/is-builtin-module/-/is-builtin-module-1.0.0.tgz#540572d34f7ac3119f8f76c30cbc1b1e037affbe"
    dependencies:
      builtin-modules "^1.0.0"
  
  is-fullwidth-code-point@^1.0.0:
    version "1.0.0"
    resolved "https://registry.yarnpkg.com/is-fullwidth-code-point/-/is-fullwidth-code-point-1.0.0.tgz#ef9e31386f031a7f0d643af82fde50c457ef00cb"
    dependencies:
      number-is-nan "^1.0.0"
  
  is-fullwidth-code-point@^2.0.0:
    version "2.0.0"
    resolved "https://registry.yarnpkg.com/is-fullwidth-code-point/-/is-fullwidth-code-point-2.0.0.tgz#a3b30a5c4f199183167aaab93beefae3ddfb654f"
  
  is-stream@^1.1.0:
    version "1.1.0"
    resolved "https://registry.yarnpkg.com/is-stream/-/is-stream-1.1.0.tgz#12d4a3dd4e68e0b79ceb8dbc84173ae80d91ca44"
  
  is-typedarray@~1.0.0:
    version "1.0.0"
    resolved "https://registry.yarnpkg.com/is-typedarray/-/is-typedarray-1.0.0.tgz#e479c80858df0c1b11ddda6940f96011fcda4a9a"
  
  isarray@0.0.1:
    version "0.0.1"
    resolved "https://registry.yarnpkg.com/isarray/-/isarray-0.0.1.tgz#8a18acfca9a8f4177e09abfc6038939b05d1eedf"
  
  isarray@~1.0.0:
    version "1.0.0"
    resolved "https://registry.yarnpkg.com/isarray/-/isarray-1.0.0.tgz#bb935d48582cba168c06834957a54a3e07124f11"
  
  isexe@^2.0.0:
    version "2.0.0"
    resolved "https://registry.yarnpkg.com/isexe/-/isexe-2.0.0.tgz#e8fbf374dc556ff8947a10dcb0572d633f2cfa10"
  
  isstream@~0.1.2:
    version "0.1.2"
    resolved "https://registry.yarnpkg.com/isstream/-/isstream-0.1.2.tgz#47e63f7af55afa6f92e1500e690eb8b8529c099a"
  
  jest-react-native@^18.0.0:
    version "18.0.0"
    resolved "https://registry.yarnpkg.com/jest-react-native/-/jest-react-native-18.0.0.tgz#77dd909f069324599f227c58c61c2e62168726ba"
  
  "js-tokens@^3.0.0 || ^4.0.0", js-tokens@^4.0.0:
    version "4.0.0"
    resolved "https://registry.yarnpkg.com/js-tokens/-/js-tokens-4.0.0.tgz#19203fb59991df98e3a287050d4647cdeaf32499"
  
  jsbn@~0.1.0:
    version "0.1.1"
    resolved "https://registry.yarnpkg.com/jsbn/-/jsbn-0.1.1.tgz#a5e654c2e5a2deb5f201d96cefbca80c0ef2f513"
  
  jsdom@^7.0.2:
    version "7.2.2"
    resolved "http://registry.npmjs.org/jsdom/-/jsdom-7.2.2.tgz#40b402770c2bda23469096bee91ab675e3b1fc6e"
    dependencies:
      abab "^1.0.0"
      acorn "^2.4.0"
      acorn-globals "^1.0.4"
      cssom ">= 0.3.0 < 0.4.0"
      cssstyle ">= 0.2.29 < 0.3.0"
      escodegen "^1.6.1"
      nwmatcher ">= 1.3.7 < 2.0.0"
      parse5 "^1.5.1"
      request "^2.55.0"
      sax "^1.1.4"
      symbol-tree ">= 3.1.0 < 4.0.0"
      tough-cookie "^2.2.0"
      webidl-conversions "^2.0.0"
      whatwg-url-compat "~0.6.5"
      xml-name-validator ">= 2.0.1 < 3.0.0"
  
  jsesc@^2.5.1:
    version "2.5.2"
    resolved "https://registry.yarnpkg.com/jsesc/-/jsesc-2.5.2.tgz#80564d2e483dacf6e8ef209650a67df3f0c283a4"
  
  jsesc@~0.5.0:
    version "0.5.0"
    resolved "http://registry.npmjs.org/jsesc/-/jsesc-0.5.0.tgz#e7dee66e35d6fc16f710fe91d5cf69f70f08911d"
  
  json-schema-traverse@^0.4.1:
    version "0.4.1"
    resolved "https://registry.yarnpkg.com/json-schema-traverse/-/json-schema-traverse-0.4.1.tgz#69f6a87d9513ab8bb8fe63bdb0979c448e684660"
  
  json-schema@0.2.3:
    version "0.2.3"
    resolved "https://registry.yarnpkg.com/json-schema/-/json-schema-0.2.3.tgz#b480c892e59a2f05954ce727bd3f2a4e882f9e13"
  
  json-stringify-safe@~5.0.1:
    version "5.0.1"
    resolved "https://registry.yarnpkg.com/json-stringify-safe/-/json-stringify-safe-5.0.1.tgz#1296a2d58fd45f19a0f6ce01d65701e2c735b6eb"
  
  json5@^0.5.1:
    version "0.5.1"
    resolved "http://registry.npmjs.org/json5/-/json5-0.5.1.tgz#1eade7acc012034ad84e2396767ead9fa5495821"
  
  jsonfile@^2.1.0:
    version "2.4.0"
    resolved "http://registry.npmjs.org/jsonfile/-/jsonfile-2.4.0.tgz#3736a2b428b87bbda0cc83b53fa3d633a35c2ae8"
    optionalDependencies:
      graceful-fs "^4.1.6"
  
  jsprim@^1.2.2:
    version "1.4.1"
    resolved "https://registry.yarnpkg.com/jsprim/-/jsprim-1.4.1.tgz#313e66bc1e5cc06e438bc1b7499c2e5c56acb6a2"
    dependencies:
      assert-plus "1.0.0"
      extsprintf "1.3.0"
      json-schema "0.2.3"
      verror "1.10.0"
  
  lcid@^1.0.0:
    version "1.0.0"
    resolved "https://registry.yarnpkg.com/lcid/-/lcid-1.0.0.tgz#308accafa0bc483a3867b4b6f2b9506251d1b835"
    dependencies:
      invert-kv "^1.0.0"
  
  levn@~0.3.0:
    version "0.3.0"
    resolved "https://registry.yarnpkg.com/levn/-/levn-0.3.0.tgz#3b09924edf9f083c0490fdd4c0bc4421e04764ee"
    dependencies:
      prelude-ls "~1.1.2"
      type-check "~0.3.2"
  
  load-json-file@^2.0.0:
    version "2.0.0"
    resolved "http://registry.npmjs.org/load-json-file/-/load-json-file-2.0.0.tgz#7947e42149af80d696cbf797bcaabcfe1fe29ca8"
    dependencies:
      graceful-fs "^4.1.2"
      parse-json "^2.2.0"
      pify "^2.0.0"
      strip-bom "^3.0.0"
  
  locate-path@^2.0.0:
    version "2.0.0"
    resolved "https://registry.yarnpkg.com/locate-path/-/locate-path-2.0.0.tgz#2b568b265eec944c6d9c0de9c3dbbbca0354cd8e"
    dependencies:
      p-locate "^2.0.0"
      path-exists "^3.0.0"
  
  lodash-es@^4.2.1:
    version "4.17.11"
    resolved "https://registry.yarnpkg.com/lodash-es/-/lodash-es-4.17.11.tgz#145ab4a7ac5c5e52a3531fb4f310255a152b4be0"
  
  lodash@4.17.10:
    version "4.17.10"
    resolved "https://registry.yarnpkg.com/lodash/-/lodash-4.17.10.tgz#1b7793cf7259ea38fb3661d4d38b3260af8ae4e7"
  
  lodash@^4.0.0, lodash@^4.1.0, lodash@^4.10.1, lodash@^4.11.1, lodash@^4.16.4, lodash@^4.17.10, lodash@^4.2.1, lodash@^4.6.1:
    version "4.17.11"
    resolved "https://registry.yarnpkg.com/lodash/-/lodash-4.17.11.tgz#b39ea6229ef607ecd89e2c8df12536891cac9b8d"
  
  loose-envify@^1.0.0, loose-envify@^1.1.0, loose-envify@^1.3.1:
    version "1.4.0"
    resolved "https://registry.yarnpkg.com/loose-envify/-/loose-envify-1.4.0.tgz#71ee51fa7be4caec1a63839f7e682d8132d30caf"
    dependencies:
      js-tokens "^3.0.0 || ^4.0.0"
  
  lru-cache@^4.0.1:
    version "4.1.5"
    resolved "https://registry.yarnpkg.com/lru-cache/-/lru-cache-4.1.5.tgz#8bbe50ea85bed59bc9e33dcab8235ee9bcf443cd"
    dependencies:
      pseudomap "^1.0.2"
      yallist "^2.1.2"
  
  mem@^1.1.0:
    version "1.1.0"
    resolved "https://registry.yarnpkg.com/mem/-/mem-1.1.0.tgz#5edd52b485ca1d900fe64895505399a0dfa45f76"
    dependencies:
      mimic-fn "^1.0.0"
  
  metro-babel7-plugin-react-transform@0.49.2:
    version "0.49.2"
    resolved "https://registry.yarnpkg.com/metro-babel7-plugin-react-transform/-/metro-babel7-plugin-react-transform-0.49.2.tgz#d4c43faa6f2b91cc1b244a36a5d708ae8d39dbb2"
    dependencies:
      "@babel/helper-module-imports" "^7.0.0"
  
  metro-react-native-babel-preset@^0.49.0:
    version "0.49.2"
    resolved "https://registry.yarnpkg.com/metro-react-native-babel-preset/-/metro-react-native-babel-preset-0.49.2.tgz#8d53610e044e0c9a53a03d307e1c51f9e8577abc"
    dependencies:
      "@babel/plugin-proposal-class-properties" "^7.0.0"
      "@babel/plugin-proposal-export-default-from" "^7.0.0"
      "@babel/plugin-proposal-nullish-coalescing-operator" "^7.0.0"
      "@babel/plugin-proposal-object-rest-spread" "^7.0.0"
      "@babel/plugin-proposal-optional-catch-binding" "^7.0.0"
      "@babel/plugin-proposal-optional-chaining" "^7.0.0"
      "@babel/plugin-syntax-dynamic-import" "^7.0.0"
      "@babel/plugin-syntax-export-default-from" "^7.0.0"
      "@babel/plugin-transform-arrow-functions" "^7.0.0"
      "@babel/plugin-transform-block-scoping" "^7.0.0"
      "@babel/plugin-transform-classes" "^7.0.0"
      "@babel/plugin-transform-computed-properties" "^7.0.0"
      "@babel/plugin-transform-destructuring" "^7.0.0"
      "@babel/plugin-transform-exponentiation-operator" "^7.0.0"
      "@babel/plugin-transform-flow-strip-types" "^7.0.0"
      "@babel/plugin-transform-for-of" "^7.0.0"
      "@babel/plugin-transform-function-name" "^7.0.0"
      "@babel/plugin-transform-literals" "^7.0.0"
      "@babel/plugin-transform-modules-commonjs" "^7.0.0"
      "@babel/plugin-transform-object-assign" "^7.0.0"
      "@babel/plugin-transform-parameters" "^7.0.0"
      "@babel/plugin-transform-react-display-name" "^7.0.0"
      "@babel/plugin-transform-react-jsx" "^7.0.0"
      "@babel/plugin-transform-react-jsx-source" "^7.0.0"
      "@babel/plugin-transform-regenerator" "^7.0.0"
      "@babel/plugin-transform-runtime" "^7.0.0"
      "@babel/plugin-transform-shorthand-properties" "^7.0.0"
      "@babel/plugin-transform-spread" "^7.0.0"
      "@babel/plugin-transform-sticky-regex" "^7.0.0"
      "@babel/plugin-transform-template-literals" "^7.0.0"
      "@babel/plugin-transform-typescript" "^7.0.0"
      "@babel/plugin-transform-unicode-regex" "^7.0.0"
      "@babel/template" "^7.0.0"
      metro-babel7-plugin-react-transform "0.49.2"
      react-transform-hmr "^1.0.4"
  
  mime-db@~1.37.0:
    version "1.37.0"
    resolved "https://registry.yarnpkg.com/mime-db/-/mime-db-1.37.0.tgz#0b6a0ce6fdbe9576e25f1f2d2fde8830dc0ad0d8"
  
  mime-types@^2.1.12, mime-types@~2.1.19:
    version "2.1.21"
    resolved "https://registry.yarnpkg.com/mime-types/-/mime-types-2.1.21.tgz#28995aa1ecb770742fe6ae7e58f9181c744b3f96"
    dependencies:
      mime-db "~1.37.0"
  
  mimic-fn@^1.0.0:
    version "1.2.0"
    resolved "https://registry.yarnpkg.com/mimic-fn/-/mimic-fn-1.2.0.tgz#820c86a39334640e99516928bd03fca88057d022"
  
  min-document@^2.19.0:
    version "2.19.0"
    resolved "https://registry.yarnpkg.com/min-document/-/min-document-2.19.0.tgz#7bd282e3f5842ed295bb748cdd9f1ffa2c824685"
    dependencies:
      dom-walk "^0.1.0"
  
  minimatch@^3.0.4:
    version "3.0.4"
    resolved "https://registry.yarnpkg.com/minimatch/-/minimatch-3.0.4.tgz#5166e286457f03306064be5497e8dbb0c3d32083"
    dependencies:
      brace-expansion "^1.1.7"
  
  ms@^2.1.1:
    version "2.1.1"
    resolved "https://registry.yarnpkg.com/ms/-/ms-2.1.1.tgz#30a5864eb3ebb0a66f2ebe6d727af06a09d86e0a"
  
  native-base-shoutem-theme@0.2.2:
    version "0.2.2"
    resolved "https://registry.yarnpkg.com/native-base-shoutem-theme/-/native-base-shoutem-theme-0.2.2.tgz#5823310455fe391adf72236469c039fd44f56a20"
    dependencies:
      hoist-non-react-statics "^1.0.5"
      lodash "^4.10.1"
      prop-types "^15.5.10"
  
  native-base@^2.3.3:
    version "2.9.2"
    resolved "https://registry.yarnpkg.com/native-base/-/native-base-2.9.2.tgz#31bd554f6876a158f5bcb2e9d3ceae055c2666c3"
    dependencies:
      blueimp-md5 "^2.5.0"
      clamp "^1.0.1"
      color "~1.0.3"
      fs-extra "^2.0.0"
      jest-react-native "^18.0.0"
      lodash "4.17.10"
      native-base-shoutem-theme "0.2.2"
      print-message "^2.1.0"
      prop-types "^15.5.10"
      react-native-drawer "2.5.0"
      react-native-easy-grid "0.2.0"
      react-native-keyboard-aware-scroll-view "0.5.0"
      react-native-vector-icons "6.1.0"
      react-tween-state "^0.1.5"
      tween-functions "^1.0.1"
  
  normalize-package-data@^2.3.2:
    version "2.4.0"
    resolved "https://registry.yarnpkg.com/normalize-package-data/-/normalize-package-data-2.4.0.tgz#12f95a307d58352075a04907b84ac8be98ac012f"
    dependencies:
      hosted-git-info "^2.1.4"
      is-builtin-module "^1.0.0"
      semver "2 || 3 || 4 || 5"
      validate-npm-package-license "^3.0.1"
  
  npm-run-path@^2.0.0:
    version "2.0.2"
    resolved "https://registry.yarnpkg.com/npm-run-path/-/npm-run-path-2.0.2.tgz#35a9232dfa35d7067b4cb2ddf2357b1871536c5f"
    dependencies:
      path-key "^2.0.0"
  
  nth-check@~1.0.1:
    version "1.0.2"
    resolved "https://registry.yarnpkg.com/nth-check/-/nth-check-1.0.2.tgz#b2bd295c37e3dd58a3bf0700376663ba4d9cf05c"
    dependencies:
      boolbase "~1.0.0"
  
  number-is-nan@^1.0.0:
    version "1.0.1"
    resolved "https://registry.yarnpkg.com/number-is-nan/-/number-is-nan-1.0.1.tgz#097b602b53422a522c1afb8790318336941a011d"
  
  "nwmatcher@>= 1.3.7 < 2.0.0":
    version "1.4.4"
    resolved "https://registry.yarnpkg.com/nwmatcher/-/nwmatcher-1.4.4.tgz#2285631f34a95f0d0395cd900c96ed39b58f346e"
  
  oauth-sign@~0.9.0:
    version "0.9.0"
    resolved "https://registry.yarnpkg.com/oauth-sign/-/oauth-sign-0.9.0.tgz#47a7b016baa68b5fa0ecf3dee08a85c679ac6455"
  
  object-assign@^4.1.1:
    version "4.1.1"
    resolved "https://registry.yarnpkg.com/object-assign/-/object-assign-4.1.1.tgz#2109adc7965887cfc05cbbd442cac8bfbb360863"
  
  once@^1.3.0:
    version "1.4.0"
    resolved "https://registry.yarnpkg.com/once/-/once-1.4.0.tgz#583b1aa775961d4b113ac17d9c50baef9dd76bd1"
    dependencies:
      wrappy "1"
  
  optionator@^0.8.1:
    version "0.8.2"
    resolved "https://registry.yarnpkg.com/optionator/-/optionator-0.8.2.tgz#364c5e409d3f4d6301d6c0b4c05bba50180aeb64"
    dependencies:
      deep-is "~0.1.3"
      fast-levenshtein "~2.0.4"
      levn "~0.3.0"
      prelude-ls "~1.1.2"
      type-check "~0.3.2"
      wordwrap "~1.0.0"
  
  os-locale@^2.0.0:
    version "2.1.0"
    resolved "https://registry.yarnpkg.com/os-locale/-/os-locale-2.1.0.tgz#42bc2900a6b5b8bd17376c8e882b65afccf24bf2"
    dependencies:
      execa "^0.7.0"
      lcid "^1.0.0"
      mem "^1.1.0"
  
  p-finally@^1.0.0:
    version "1.0.0"
    resolved "https://registry.yarnpkg.com/p-finally/-/p-finally-1.0.0.tgz#3fbcfb15b899a44123b34b6dcc18b724336a2cae"
  
  p-limit@^1.1.0:
    version "1.3.0"
    resolved "https://registry.yarnpkg.com/p-limit/-/p-limit-1.3.0.tgz#b86bd5f0c25690911c7590fcbfc2010d54b3ccb8"
    dependencies:
      p-try "^1.0.0"
  
  p-locate@^2.0.0:
    version "2.0.0"
    resolved "https://registry.yarnpkg.com/p-locate/-/p-locate-2.0.0.tgz#20a0103b222a70c8fd39cc2e580680f3dde5ec43"
    dependencies:
      p-limit "^1.1.0"
  
  p-try@^1.0.0:
    version "1.0.0"
    resolved "https://registry.yarnpkg.com/p-try/-/p-try-1.0.0.tgz#cbc79cdbaf8fd4228e13f621f2b1a237c1b207b3"
  
  parse-json@^2.2.0:
    version "2.2.0"
    resolved "https://registry.yarnpkg.com/parse-json/-/parse-json-2.2.0.tgz#f480f40434ef80741f8469099f8dea18f55a4dc9"
    dependencies:
      error-ex "^1.2.0"
  
  parse5@^1.5.1:
    version "1.5.1"
    resolved "https://registry.yarnpkg.com/parse5/-/parse5-1.5.1.tgz#9b7f3b0de32be78dc2401b17573ccaf0f6f59d94"
  
  path-exists@^3.0.0:
    version "3.0.0"
    resolved "https://registry.yarnpkg.com/path-exists/-/path-exists-3.0.0.tgz#ce0ebeaa5f78cb18925ea7d810d7b59b010fd515"
  
  path-is-absolute@^1.0.0:
    version "1.0.1"
    resolved "http://registry.npmjs.org/path-is-absolute/-/path-is-absolute-1.0.1.tgz#174b9268735534ffbc7ace6bf53a5a9e1b5c5f5f"
  
  path-key@^2.0.0:
    version "2.0.1"
    resolved "https://registry.yarnpkg.com/path-key/-/path-key-2.0.1.tgz#411cadb574c5a140d3a4b1910d40d80cc9f40b40"
  
  path-parse@^1.0.6:
    version "1.0.6"
    resolved "https://registry.yarnpkg.com/path-parse/-/path-parse-1.0.6.tgz#d62dbb5679405d72c4737ec58600e9ddcf06d24c"
  
  path-to-regexp@^1.7.0:
    version "1.7.0"
    resolved "https://registry.yarnpkg.com/path-to-regexp/-/path-to-regexp-1.7.0.tgz#59fde0f435badacba103a84e9d3bc64e96b9937d"
    dependencies:
      isarray "0.0.1"
  
  path-type@^2.0.0:
    version "2.0.0"
    resolved "https://registry.yarnpkg.com/path-type/-/path-type-2.0.0.tgz#f012ccb8415b7096fc2daa1054c3d72389594c73"
    dependencies:
      pify "^2.0.0"
  
  performance-now@^2.1.0:
    version "2.1.0"
    resolved "https://registry.yarnpkg.com/performance-now/-/performance-now-2.1.0.tgz#6309f4e0e5fa913ec1c69307ae364b4b377c9e7b"
  
  pify@^2.0.0:
    version "2.3.0"
    resolved "http://registry.npmjs.org/pify/-/pify-2.3.0.tgz#ed141a6ac043a849ea588498e7dca8b15330e90c"
  
  pkg-up@^2.0.0:
    version "2.0.0"
    resolved "https://registry.yarnpkg.com/pkg-up/-/pkg-up-2.0.0.tgz#c819ac728059a461cab1c3889a2be3c49a004d7f"
    dependencies:
      find-up "^2.1.0"
  
  prelude-ls@~1.1.2:
    version "1.1.2"
    resolved "https://registry.yarnpkg.com/prelude-ls/-/prelude-ls-1.1.2.tgz#21932a549f5e52ffd9a827f570e04be62a97da54"
  
  print-message@^2.1.0:
    version "2.1.0"
    resolved "https://registry.yarnpkg.com/print-message/-/print-message-2.1.0.tgz#b5588ed08b0e1bf77ac7bcb5cb78004afaf9a891"
    dependencies:
      chalk "1.1.1"
  
  private@^0.1.6:
    version "0.1.8"
    resolved "https://registry.yarnpkg.com/private/-/private-0.1.8.tgz#2381edb3689f7a53d653190060fcf822d2f368ff"
  
  process-nextick-args@~2.0.0:
    version "2.0.0"
    resolved "https://registry.yarnpkg.com/process-nextick-args/-/process-nextick-args-2.0.0.tgz#a37d732f4271b4ab1ad070d35508e8290788ffaa"
  
  process@~0.5.1:
    version "0.5.2"
    resolved "https://registry.yarnpkg.com/process/-/process-0.5.2.tgz#1638d8a8e34c2f440a91db95ab9aeb677fc185cf"
  
  prop-types@^15.5.10, prop-types@^15.5.8, prop-types@^15.6.0, prop-types@^15.6.1, prop-types@^15.6.2:
    version "15.6.2"
    resolved "https://registry.yarnpkg.com/prop-types/-/prop-types-15.6.2.tgz#05d5ca77b4453e985d60fc7ff8c859094a497102"
    dependencies:
      loose-envify "^1.3.1"
      object-assign "^4.1.1"
  
  pseudomap@^1.0.2:
    version "1.0.2"
    resolved "https://registry.yarnpkg.com/pseudomap/-/pseudomap-1.0.2.tgz#f052a28da70e618917ef0a8ac34c1ae5a68286b3"
  
  psl@^1.1.24, psl@^1.1.28:
    version "1.1.31"
    resolved "https://registry.yarnpkg.com/psl/-/psl-1.1.31.tgz#e9aa86d0101b5b105cbe93ac6b784cd547276184"
  
  punycode@^1.4.1:
    version "1.4.1"
    resolved "https://registry.yarnpkg.com/punycode/-/punycode-1.4.1.tgz#c0d5a63b2718800ad8e1eb0fa5269c84dd41845e"
  
  punycode@^2.1.0, punycode@^2.1.1:
    version "2.1.1"
    resolved "https://registry.yarnpkg.com/punycode/-/punycode-2.1.1.tgz#b58b010ac40c22c5657616c8d2c2c02c7bf479ec"
  
  qs@~6.5.2:
    version "6.5.2"
    resolved "https://registry.yarnpkg.com/qs/-/qs-6.5.2.tgz#cb3ae806e8740444584ef154ce8ee98d403f3e36"
  
  raf@^3.1.0:
    version "3.4.1"
    resolved "https://registry.yarnpkg.com/raf/-/raf-3.4.1.tgz#0742e99a4a6552f445d73e3ee0328af0ff1ede39"
    dependencies:
      performance-now "^2.1.0"
  
  react-deep-force-update@^1.0.0:
    version "1.1.2"
    resolved "https://registry.yarnpkg.com/react-deep-force-update/-/react-deep-force-update-1.1.2.tgz#3d2ae45c2c9040cbb1772be52f8ea1ade6ca2ee1"
  
  react-is@^16.3.2, react-is@^16.6.0:
    version "16.7.0"
    resolved "https://registry.yarnpkg.com/react-is/-/react-is-16.7.0.tgz#c1bd21c64f1f1364c6f70695ec02d69392f41bfa"
  
  react-lifecycles-compat@^3.0.0, react-lifecycles-compat@^3.0.2:
    version "3.0.4"
    resolved "https://registry.yarnpkg.com/react-lifecycles-compat/-/react-lifecycles-compat-3.0.4.tgz#4f1a273afdfc8f3488a8c516bfda78f872352362"
  
  react-native-dismiss-keyboard@1.0.0:
    version "1.0.0"
    resolved "https://registry.yarnpkg.com/react-native-dismiss-keyboard/-/react-native-dismiss-keyboard-1.0.0.tgz#32886242b3f2317e121f3aeb9b0a585e2b879b49"
  
  react-native-drawer-layout-polyfill@^1.3.2:
    version "1.3.2"
    resolved "https://registry.yarnpkg.com/react-native-drawer-layout-polyfill/-/react-native-drawer-layout-polyfill-1.3.2.tgz#192c84d7a5a6b8a6d2be2c7daa5e4164518d0cc7"
    dependencies:
      react-native-drawer-layout "1.3.2"
  
  react-native-drawer-layout@1.3.2:
    version "1.3.2"
    resolved "https://registry.yarnpkg.com/react-native-drawer-layout/-/react-native-drawer-layout-1.3.2.tgz#b9740d7663a1dc4f88a61b9c6d93d2d948ea426e"
    dependencies:
      react-native-dismiss-keyboard "1.0.0"
  
  react-native-drawer@2.5.0:
    version "2.5.0"
    resolved "https://registry.yarnpkg.com/react-native-drawer/-/react-native-drawer-2.5.0.tgz#022cba5c0516126a9fc9cce3185cb46c644b51c4"
    dependencies:
      prop-types "^15.5.8"
      tween-functions "^1.0.1"
  
  react-native-easy-grid@0.2.0:
    version "0.2.0"
    resolved "https://registry.yarnpkg.com/react-native-easy-grid/-/react-native-easy-grid-0.2.0.tgz#4718031aa1baaa2613b829fc807da288eb0d2797"
    dependencies:
      lodash "^4.11.1"
  
  react-native-image-pan-zoom@^2.0.8:
    version "2.1.11"
    resolved "https://registry.yarnpkg.com/react-native-image-pan-zoom/-/react-native-image-pan-zoom-2.1.11.tgz#61bcb69219d95e76a9797d23e4a2e8e0bd654ae9"
  
  react-native-indicators@^0.10.0:
    version "0.10.0"
    resolved "https://registry.yarnpkg.com/react-native-indicators/-/react-native-indicators-0.10.0.tgz#714c4e9955c73c3b5d2bbd6c021d6b7aab1a8072"
    dependencies:
      prop-types "^15.5.10"
  
  react-native-iphone-x-helper@^1.0.1:
    version "1.2.0"
    resolved "https://registry.yarnpkg.com/react-native-iphone-x-helper/-/react-native-iphone-x-helper-1.2.0.tgz#9f8a376eb00bc712115abff4420318a0063fa796"
  
  react-native-keyboard-aware-scroll-view@0.5.0:
    version "0.5.0"
    resolved "http://registry.npmjs.org/react-native-keyboard-aware-scroll-view/-/react-native-keyboard-aware-scroll-view-0.5.0.tgz#57ab933089375bf62f4324797e8be949ad97849d"
    dependencies:
      prop-types "^15.6.0"
      react-native-iphone-x-helper "^1.0.1"
  
  react-native-linear-gradient@^2.3.0:
    version "2.5.3"
    resolved "https://registry.yarnpkg.com/react-native-linear-gradient/-/react-native-linear-gradient-2.5.3.tgz#d90cf19a13fcccfa8bb32025ac40a15ae1b49e99"
  
  react-native-safe-area-view@0.11.0:
    version "0.11.0"
    resolved "https://registry.yarnpkg.com/react-native-safe-area-view/-/react-native-safe-area-view-0.11.0.tgz#4f3dda43c2bace37965e7c6aef5fc83d4f19d174"
    dependencies:
      hoist-non-react-statics "^2.3.1"
  
  react-native-searchbar@^1.13.0:
    version "1.15.0"
    resolved "https://registry.yarnpkg.com/react-native-searchbar/-/react-native-searchbar-1.15.0.tgz#73c3e62c900abac7bd89f5d6598b0f2f526ca680"
    dependencies:
      lodash "^4.16.4"
      react-native-vector-icons "^4.4.2"
  
  "react-native-tab-view@github:react-navigation/react-native-tab-view":
    version "0.0.74"
    resolved "https://codeload.github.com/react-navigation/react-native-tab-view/tar.gz/36ebd834d78b841fc19778c966465d02fd1213bb"
    dependencies:
      prop-types "^15.6.0"
  
  react-native-vector-icons@6.1.0:
    version "6.1.0"
    resolved "https://registry.yarnpkg.com/react-native-vector-icons/-/react-native-vector-icons-6.1.0.tgz#770a3f8ced692d75deb3afbb9829195ceed1eedd"
    dependencies:
      lodash "^4.0.0"
      prop-types "^15.6.2"
      yargs "^8.0.2"
  
  react-native-vector-icons@^4.4.2:
    version "4.6.0"
    resolved "http://registry.npmjs.org/react-native-vector-icons/-/react-native-vector-icons-4.6.0.tgz#e4014311ffa6de397d914ffc31b7097a874cc8d5"
    dependencies:
      lodash "^4.0.0"
      prop-types "^15.5.10"
      yargs "^8.0.2"
  
  react-navigation@^1.0.0-beta.21:
    version "1.6.1"
    resolved "https://registry.yarnpkg.com/react-navigation/-/react-navigation-1.6.1.tgz#f08b560637edb5517f375bbd9bae3123e3027206"
    dependencies:
      clamp "^1.0.1"
      hoist-non-react-statics "^2.2.0"
      path-to-regexp "^1.7.0"
      prop-types "^15.5.10"
      react-lifecycles-compat "^3.0.2"
      react-native-drawer-layout-polyfill "^1.3.2"
      react-native-safe-area-view "0.11.0"
      react-native-tab-view "github:react-navigation/react-native-tab-view"
  
  react-proxy@^1.1.7:
    version "1.1.8"
    resolved "https://registry.yarnpkg.com/react-proxy/-/react-proxy-1.1.8.tgz#9dbfd9d927528c3aa9f444e4558c37830ab8c26a"
    dependencies:
      lodash "^4.6.1"
      react-deep-force-update "^1.0.0"
  
  react-redux@^5.0.6:
    version "5.1.1"
    resolved "https://registry.yarnpkg.com/react-redux/-/react-redux-5.1.1.tgz#88e368682c7fa80e34e055cd7ac56f5936b0f52f"
    dependencies:
      "@babel/runtime" "^7.1.2"
      hoist-non-react-statics "^3.1.0"
      invariant "^2.2.4"
      loose-envify "^1.1.0"
      prop-types "^15.6.1"
      react-is "^16.6.0"
      react-lifecycles-compat "^3.0.0"
  
  react-transform-hmr@^1.0.4:
    version "1.0.4"
    resolved "https://registry.yarnpkg.com/react-transform-hmr/-/react-transform-hmr-1.0.4.tgz#e1a40bd0aaefc72e8dfd7a7cda09af85066397bb"
    dependencies:
      global "^4.3.0"
      react-proxy "^1.1.7"
  
  react-tween-state@^0.1.5:
    version "0.1.5"
    resolved "https://registry.yarnpkg.com/react-tween-state/-/react-tween-state-0.1.5.tgz#e98b066551efb93cb92dd1be14995c2e3deae339"
    dependencies:
      raf "^3.1.0"
      tween-functions "^1.0.1"
  
  read-pkg-up@^2.0.0:
    version "2.0.0"
    resolved "https://registry.yarnpkg.com/read-pkg-up/-/read-pkg-up-2.0.0.tgz#6b72a8048984e0c41e79510fd5e9fa99b3b549be"
    dependencies:
      find-up "^2.0.0"
      read-pkg "^2.0.0"
  
  read-pkg@^2.0.0:
    version "2.0.0"
    resolved "https://registry.yarnpkg.com/read-pkg/-/read-pkg-2.0.0.tgz#8ef1c0623c6a6db0dc6713c4bfac46332b2368f8"
    dependencies:
      load-json-file "^2.0.0"
      normalize-package-data "^2.3.2"
      path-type "^2.0.0"
  
  readable-stream@^2.0.2:
    version "2.3.6"
    resolved "http://registry.npmjs.org/readable-stream/-/readable-stream-2.3.6.tgz#b11c27d88b8ff1fbe070643cf94b0c79ae1b0aaf"
    dependencies:
      core-util-is "~1.0.0"
      inherits "~2.0.3"
      isarray "~1.0.0"
      process-nextick-args "~2.0.0"
      safe-buffer "~5.1.1"
      string_decoder "~1.1.1"
      util-deprecate "~1.0.1"
  
  redux-logger@^3.0.6:
    version "3.0.6"
    resolved "https://registry.yarnpkg.com/redux-logger/-/redux-logger-3.0.6.tgz#f7555966f3098f3c88604c449cf0baf5778274bf"
    dependencies:
      deep-diff "^0.3.5"
  
  redux@^3.7.2:
    version "3.7.2"
    resolved "https://registry.yarnpkg.com/redux/-/redux-3.7.2.tgz#06b73123215901d25d065be342eb026bc1c8537b"
    dependencies:
      lodash "^4.2.1"
      lodash-es "^4.2.1"
      loose-envify "^1.1.0"
      symbol-observable "^1.0.3"
  
  regenerate-unicode-properties@^7.0.0:
    version "7.0.0"
    resolved "https://registry.yarnpkg.com/regenerate-unicode-properties/-/regenerate-unicode-properties-7.0.0.tgz#107405afcc4a190ec5ed450ecaa00ed0cafa7a4c"
    dependencies:
      regenerate "^1.4.0"
  
  regenerate@^1.4.0:
    version "1.4.0"
    resolved "https://registry.yarnpkg.com/regenerate/-/regenerate-1.4.0.tgz#4a856ec4b56e4077c557589cae85e7a4c8869a11"
  
  regenerator-runtime@^0.12.0:
    version "0.12.1"
    resolved "https://registry.yarnpkg.com/regenerator-runtime/-/regenerator-runtime-0.12.1.tgz#fa1a71544764c036f8c49b13a08b2594c9f8a0de"
  
  regenerator-transform@^0.13.3:
    version "0.13.3"
    resolved "https://registry.yarnpkg.com/regenerator-transform/-/regenerator-transform-0.13.3.tgz#264bd9ff38a8ce24b06e0636496b2c856b57bcbb"
    dependencies:
      private "^0.1.6"
  
  regexpu-core@^4.1.3:
    version "4.4.0"
    resolved "https://registry.yarnpkg.com/regexpu-core/-/regexpu-core-4.4.0.tgz#8d43e0d1266883969720345e70c275ee0aec0d32"
    dependencies:
      regenerate "^1.4.0"
      regenerate-unicode-properties "^7.0.0"
      regjsgen "^0.5.0"
      regjsparser "^0.6.0"
      unicode-match-property-ecmascript "^1.0.4"
      unicode-match-property-value-ecmascript "^1.0.2"
  
  regjsgen@^0.5.0:
    version "0.5.0"
    resolved "https://registry.yarnpkg.com/regjsgen/-/regjsgen-0.5.0.tgz#a7634dc08f89209c2049adda3525711fb97265dd"
  
  regjsparser@^0.6.0:
    version "0.6.0"
    resolved "https://registry.yarnpkg.com/regjsparser/-/regjsparser-0.6.0.tgz#f1e6ae8b7da2bae96c99399b868cd6c933a2ba9c"
    dependencies:
      jsesc "~0.5.0"
  
  request@^2.55.0:
    version "2.88.0"
    resolved "https://registry.yarnpkg.com/request/-/request-2.88.0.tgz#9c2fca4f7d35b592efe57c7f0a55e81052124fef"
    dependencies:
      aws-sign2 "~0.7.0"
      aws4 "^1.8.0"
      caseless "~0.12.0"
      combined-stream "~1.0.6"
      extend "~3.0.2"
      forever-agent "~0.6.1"
      form-data "~2.3.2"
      har-validator "~5.1.0"
      http-signature "~1.2.0"
      is-typedarray "~1.0.0"
      isstream "~0.1.2"
      json-stringify-safe "~5.0.1"
      mime-types "~2.1.19"
      oauth-sign "~0.9.0"
      performance-now "^2.1.0"
      qs "~6.5.2"
      safe-buffer "^5.1.2"
      tough-cookie "~2.4.3"
      tunnel-agent "^0.6.0"
      uuid "^3.3.2"
  
  require-directory@^2.1.1:
    version "2.1.1"
    resolved "https://registry.yarnpkg.com/require-directory/-/require-directory-2.1.1.tgz#8c64ad5fd30dab1c976e2344ffe7f792a6a6df42"
  
  require-main-filename@^1.0.1:
    version "1.0.1"
    resolved "https://registry.yarnpkg.com/require-main-filename/-/require-main-filename-1.0.1.tgz#97f717b69d48784f5f526a6c5aa8ffdda055a4d1"
  
  reselect@^3.0.1:
    version "3.0.1"
    resolved "https://registry.yarnpkg.com/reselect/-/reselect-3.0.1.tgz#efdaa98ea7451324d092b2b2163a6a1d7a9a2147"
  
  resolve@^1.4.0, resolve@^1.8.1:
    version "1.9.0"
    resolved "https://registry.yarnpkg.com/resolve/-/resolve-1.9.0.tgz#a14c6fdfa8f92a7df1d996cb7105fa744658ea06"
    dependencies:
      path-parse "^1.0.6"
  
  safe-buffer@^5.0.1, safe-buffer@^5.1.2, safe-buffer@~5.1.0, safe-buffer@~5.1.1:
    version "5.1.2"
    resolved "https://registry.yarnpkg.com/safe-buffer/-/safe-buffer-5.1.2.tgz#991ec69d296e0313747d59bdfd2b745c35f8828d"
  
  safer-buffer@^2.0.2, safer-buffer@^2.1.0, safer-buffer@~2.1.0:
    version "2.1.2"
    resolved "https://registry.yarnpkg.com/safer-buffer/-/safer-buffer-2.1.2.tgz#44fa161b0187b9549dd84bb91802f9bd8385cd6a"
  
  sax@^1.1.4:
    version "1.2.4"
    resolved "https://registry.yarnpkg.com/sax/-/sax-1.2.4.tgz#2816234e2378bddc4e5354fab5caa895df7100d9"
  
  "semver@2 || 3 || 4 || 5", semver@^5.5.1:
    version "5.6.0"
    resolved "https://registry.yarnpkg.com/semver/-/semver-5.6.0.tgz#7e74256fbaa49c75aa7c7a205cc22799cac80004"
  
  set-blocking@^2.0.0:
    version "2.0.0"
    resolved "https://registry.yarnpkg.com/set-blocking/-/set-blocking-2.0.0.tgz#045f9782d011ae9a6803ddd382b24392b3d890f7"
  
  shebang-command@^1.2.0:
    version "1.2.0"
    resolved "https://registry.yarnpkg.com/shebang-command/-/shebang-command-1.2.0.tgz#44aac65b695b03398968c39f363fee5deafdf1ea"
    dependencies:
      shebang-regex "^1.0.0"
  
  shebang-regex@^1.0.0:
    version "1.0.0"
    resolved "https://registry.yarnpkg.com/shebang-regex/-/shebang-regex-1.0.0.tgz#da42f49740c0b42db2ca9728571cb190c98efea3"
  
  signal-exit@^3.0.0:
    version "3.0.2"
    resolved "https://registry.yarnpkg.com/signal-exit/-/signal-exit-3.0.2.tgz#b5fdc08f1287ea1178628e415e25132b73646c6d"
  
  simple-swizzle@^0.2.2:
    version "0.2.2"
    resolved "https://registry.yarnpkg.com/simple-swizzle/-/simple-swizzle-0.2.2.tgz#a4da6b635ffcccca33f70d17cb92592de95e557a"
    dependencies:
      is-arrayish "^0.3.1"
  
  source-map@^0.5.0:
    version "0.5.7"
    resolved "https://registry.yarnpkg.com/source-map/-/source-map-0.5.7.tgz#8a039d2d1021d22d1ea14c80d8ea468ba2ef3fcc"
  
  source-map@~0.6.1:
    version "0.6.1"
    resolved "https://registry.yarnpkg.com/source-map/-/source-map-0.6.1.tgz#74722af32e9614e9c287a8d0bbde48b5e2f1a263"
  
  spdx-correct@^3.0.0:
    version "3.1.0"
    resolved "https://registry.yarnpkg.com/spdx-correct/-/spdx-correct-3.1.0.tgz#fb83e504445268f154b074e218c87c003cd31df4"
    dependencies:
      spdx-expression-parse "^3.0.0"
      spdx-license-ids "^3.0.0"
  
  spdx-exceptions@^2.1.0:
    version "2.2.0"
    resolved "https://registry.yarnpkg.com/spdx-exceptions/-/spdx-exceptions-2.2.0.tgz#2ea450aee74f2a89bfb94519c07fcd6f41322977"
  
  spdx-expression-parse@^3.0.0:
    version "3.0.0"
    resolved "https://registry.yarnpkg.com/spdx-expression-parse/-/spdx-expression-parse-3.0.0.tgz#99e119b7a5da00e05491c9fa338b7904823b41d0"
    dependencies:
      spdx-exceptions "^2.1.0"
      spdx-license-ids "^3.0.0"
  
  spdx-license-ids@^3.0.0:
    version "3.0.2"
    resolved "https://registry.yarnpkg.com/spdx-license-ids/-/spdx-license-ids-3.0.2.tgz#a59efc09784c2a5bada13cfeaf5c75dd214044d2"
  
  sshpk@^1.7.0:
    version "1.15.2"
    resolved "https://registry.yarnpkg.com/sshpk/-/sshpk-1.15.2.tgz#c946d6bd9b1a39d0e8635763f5242d6ed6dcb629"
    dependencies:
      asn1 "~0.2.3"
      assert-plus "^1.0.0"
      bcrypt-pbkdf "^1.0.0"
      dashdash "^1.12.0"
      ecc-jsbn "~0.1.1"
      getpass "^0.1.1"
      jsbn "~0.1.0"
      safer-buffer "^2.0.2"
      tweetnacl "~0.14.0"
  
  string-width@^1.0.1:
    version "1.0.2"
    resolved "http://registry.npmjs.org/string-width/-/string-width-1.0.2.tgz#118bdf5b8cdc51a2a7e70d211e07e2b0b9b107d3"
    dependencies:
      code-point-at "^1.0.0"
      is-fullwidth-code-point "^1.0.0"
      strip-ansi "^3.0.0"
  
  string-width@^2.0.0:
    version "2.1.1"
    resolved "https://registry.yarnpkg.com/string-width/-/string-width-2.1.1.tgz#ab93f27a8dc13d28cac815c462143a6d9012ae9e"
    dependencies:
      is-fullwidth-code-point "^2.0.0"
      strip-ansi "^4.0.0"
  
  string_decoder@~1.1.1:
    version "1.1.1"
    resolved "http://registry.npmjs.org/string_decoder/-/string_decoder-1.1.1.tgz#9cf1611ba62685d7030ae9e4ba34149c3af03fc8"
    dependencies:
      safe-buffer "~5.1.0"
  
  strip-ansi@^3.0.0, strip-ansi@^3.0.1:
    version "3.0.1"
    resolved "http://registry.npmjs.org/strip-ansi/-/strip-ansi-3.0.1.tgz#6a385fb8853d952d5ff05d0e8aaf94278dc63dcf"
    dependencies:
      ansi-regex "^2.0.0"
  
  strip-ansi@^4.0.0:
    version "4.0.0"
    resolved "https://registry.yarnpkg.com/strip-ansi/-/strip-ansi-4.0.0.tgz#a8479022eb1ac368a871389b635262c505ee368f"
    dependencies:
      ansi-regex "^3.0.0"
  
  strip-bom@^3.0.0:
    version "3.0.0"
    resolved "https://registry.yarnpkg.com/strip-bom/-/strip-bom-3.0.0.tgz#2334c18e9c759f7bdd56fdef7e9ae3d588e68ed3"
  
  strip-eof@^1.0.0:
    version "1.0.0"
    resolved "http://registry.npmjs.org/strip-eof/-/strip-eof-1.0.0.tgz#bb43ff5598a6eb05d89b59fcd129c983313606bf"
  
  supports-color@^2.0.0:
    version "2.0.0"
    resolved "https://registry.yarnpkg.com/supports-color/-/supports-color-2.0.0.tgz#535d045ce6b6363fa40117084629995e9df324c7"
  
  supports-color@^5.3.0:
    version "5.5.0"
    resolved "https://registry.yarnpkg.com/supports-color/-/supports-color-5.5.0.tgz#e2e69a44ac8772f78a1ec0b35b689df6530efc8f"
    dependencies:
      has-flag "^3.0.0"
  
  symbol-observable@^1.0.3:
    version "1.2.0"
    resolved "https://registry.yarnpkg.com/symbol-observable/-/symbol-observable-1.2.0.tgz#c22688aed4eab3cdc2dfeacbb561660560a00804"
  
  "symbol-tree@>= 3.1.0 < 4.0.0":
    version "3.2.2"
    resolved "https://registry.yarnpkg.com/symbol-tree/-/symbol-tree-3.2.2.tgz#ae27db38f660a7ae2e1c3b7d1bc290819b8519e6"
  
  to-fast-properties@^2.0.0:
    version "2.0.0"
    resolved "https://registry.yarnpkg.com/to-fast-properties/-/to-fast-properties-2.0.0.tgz#dc5e698cbd079265bc73e0377681a4e4e83f616e"
  
  tough-cookie@^2.2.0:
    version "2.5.0"
    resolved "https://registry.yarnpkg.com/tough-cookie/-/tough-cookie-2.5.0.tgz#cd9fb2a0aa1d5a12b473bd9fb96fa3dcff65ade2"
    dependencies:
      psl "^1.1.28"
      punycode "^2.1.1"
  
  tough-cookie@~2.4.3:
    version "2.4.3"
    resolved "https://registry.yarnpkg.com/tough-cookie/-/tough-cookie-2.4.3.tgz#53f36da3f47783b0925afa06ff9f3b165280f781"
    dependencies:
      psl "^1.1.24"
      punycode "^1.4.1"
  
  tr46@~0.0.1:
    version "0.0.3"
    resolved "https://registry.yarnpkg.com/tr46/-/tr46-0.0.3.tgz#8184fd347dac9cdc185992f3a6622e14b9d9ab6a"
  
  trim-right@^1.0.1:
    version "1.0.1"
    resolved "https://registry.yarnpkg.com/trim-right/-/trim-right-1.0.1.tgz#cb2e1203067e0c8de1f614094b9fe45704ea6003"
  
  tunnel-agent@^0.6.0:
    version "0.6.0"
    resolved "https://registry.yarnpkg.com/tunnel-agent/-/tunnel-agent-0.6.0.tgz#27a5dea06b36b04a0a9966774b290868f0fc40fd"
    dependencies:
      safe-buffer "^5.0.1"
  
  tween-functions@^1.0.1:
    version "1.2.0"
    resolved "https://registry.yarnpkg.com/tween-functions/-/tween-functions-1.2.0.tgz#1ae3a50e7c60bb3def774eac707acbca73bbc3ff"
  
  tweetnacl@^0.14.3, tweetnacl@~0.14.0:
    version "0.14.5"
    resolved "https://registry.yarnpkg.com/tweetnacl/-/tweetnacl-0.14.5.tgz#5ae68177f192d4456269d108afa93ff8743f4f64"
  
  type-check@~0.3.2:
    version "0.3.2"
    resolved "https://registry.yarnpkg.com/type-check/-/type-check-0.3.2.tgz#5884cab512cf1d355e3fb784f30804b2b520db72"
    dependencies:
      prelude-ls "~1.1.2"
  
  unicode-canonical-property-names-ecmascript@^1.0.4:
    version "1.0.4"
    resolved "https://registry.yarnpkg.com/unicode-canonical-property-names-ecmascript/-/unicode-canonical-property-names-ecmascript-1.0.4.tgz#2619800c4c825800efdd8343af7dd9933cbe2818"
  
  unicode-match-property-ecmascript@^1.0.4:
    version "1.0.4"
    resolved "https://registry.yarnpkg.com/unicode-match-property-ecmascript/-/unicode-match-property-ecmascript-1.0.4.tgz#8ed2a32569961bce9227d09cd3ffbb8fed5f020c"
    dependencies:
      unicode-canonical-property-names-ecmascript "^1.0.4"
      unicode-property-aliases-ecmascript "^1.0.4"
  
  unicode-match-property-value-ecmascript@^1.0.2:
    version "1.0.2"
    resolved "https://registry.yarnpkg.com/unicode-match-property-value-ecmascript/-/unicode-match-property-value-ecmascript-1.0.2.tgz#9f1dc76926d6ccf452310564fd834ace059663d4"
  
  unicode-property-aliases-ecmascript@^1.0.4:
    version "1.0.4"
    resolved "https://registry.yarnpkg.com/unicode-property-aliases-ecmascript/-/unicode-property-aliases-ecmascript-1.0.4.tgz#5a533f31b4317ea76f17d807fa0d116546111dd0"
  
  uri-js@^4.2.2:
    version "4.2.2"
    resolved "https://registry.yarnpkg.com/uri-js/-/uri-js-4.2.2.tgz#94c540e1ff772956e2299507c010aea6c8838eb0"
    dependencies:
      punycode "^2.1.0"
  
  util-deprecate@~1.0.1:
    version "1.0.2"
    resolved "https://registry.yarnpkg.com/util-deprecate/-/util-deprecate-1.0.2.tgz#450d4dc9fa70de732762fbd2d4a28981419a0ccf"
  
  uuid@^3.3.2:
    version "3.3.2"
    resolved "https://registry.yarnpkg.com/uuid/-/uuid-3.3.2.tgz#1b4af4955eb3077c501c23872fc6513811587131"
  
  validate-npm-package-license@^3.0.1:
    version "3.0.4"
    resolved "https://registry.yarnpkg.com/validate-npm-package-license/-/validate-npm-package-license-3.0.4.tgz#fc91f6b9c7ba15c857f4cb2c5defeec39d4f410a"
    dependencies:
      spdx-correct "^3.0.0"
      spdx-expression-parse "^3.0.0"
  
  verror@1.10.0:
    version "1.10.0"
    resolved "https://registry.yarnpkg.com/verror/-/verror-1.10.0.tgz#3a105ca17053af55d6e270c1f8288682e18da400"
    dependencies:
      assert-plus "^1.0.0"
      core-util-is "1.0.2"
      extsprintf "^1.2.0"
  
  webidl-conversions@^2.0.0:
    version "2.0.1"
    resolved "https://registry.yarnpkg.com/webidl-conversions/-/webidl-conversions-2.0.1.tgz#3bf8258f7d318c7443c36f2e169402a1a6703506"
  
  whatwg-url-compat@~0.6.5:
    version "0.6.5"
    resolved "https://registry.yarnpkg.com/whatwg-url-compat/-/whatwg-url-compat-0.6.5.tgz#00898111af689bb097541cd5a45ca6c8798445bf"
    dependencies:
      tr46 "~0.0.1"
  
  which-module@^2.0.0:
    version "2.0.0"
    resolved "https://registry.yarnpkg.com/which-module/-/which-module-2.0.0.tgz#d9ef07dce77b9902b8a3a8fa4b31c3e3f7e6e87a"
  
  which@^1.2.9:
    version "1.3.1"
    resolved "https://registry.yarnpkg.com/which/-/which-1.3.1.tgz#a45043d54f5805316da8d62f9f50918d3da70b0a"
    dependencies:
      isexe "^2.0.0"
  
  wordwrap@~1.0.0:
    version "1.0.0"
    resolved "https://registry.yarnpkg.com/wordwrap/-/wordwrap-1.0.0.tgz#27584810891456a4171c8d0226441ade90cbcaeb"
  
  wrap-ansi@^2.0.0:
    version "2.1.0"
    resolved "http://registry.npmjs.org/wrap-ansi/-/wrap-ansi-2.1.0.tgz#d8fc3d284dd05794fe84973caecdd1cf824fdd85"
    dependencies:
      string-width "^1.0.1"
      strip-ansi "^3.0.1"
  
  wrappy@1:
    version "1.0.2"
    resolved "https://registry.yarnpkg.com/wrappy/-/wrappy-1.0.2.tgz#b5243d8f3ec1aa35f1364605bc0d1036e30ab69f"
  
  "xml-name-validator@>= 2.0.1 < 3.0.0":
    version "2.0.1"
    resolved "https://registry.yarnpkg.com/xml-name-validator/-/xml-name-validator-2.0.1.tgz#4d8b8f1eccd3419aa362061becef515e1e559635"
  
  y18n@^3.2.1:
    version "3.2.1"
    resolved "https://registry.yarnpkg.com/y18n/-/y18n-3.2.1.tgz#6d15fba884c08679c0d77e88e7759e811e07fa41"
  
  yallist@^2.1.2:
    version "2.1.2"
    resolved "https://registry.yarnpkg.com/yallist/-/yallist-2.1.2.tgz#1c11f9218f076089a47dd512f93c6699a6a81d52"
  
  yargs-parser@^7.0.0:
    version "7.0.0"
    resolved "https://registry.yarnpkg.com/yargs-parser/-/yargs-parser-7.0.0.tgz#8d0ac42f16ea55debd332caf4c4038b3e3f5dfd9"
    dependencies:
      camelcase "^4.1.0"
  
  yargs@^8.0.2:
    version "8.0.2"
    resolved "https://registry.yarnpkg.com/yargs/-/yargs-8.0.2.tgz#6299a9055b1cefc969ff7e79c1d918dceb22c360"
    dependencies:
      camelcase "^4.1.0"
      cliui "^3.2.0"
      decamelize "^1.1.1"
      get-caller-file "^1.0.1"
      os-locale "^2.0.0"
      read-pkg-up "^2.0.0"
      require-directory "^2.1.1"
      require-main-filename "^1.0.1"
      set-blocking "^2.0.0"
      string-width "^2.0.0"
      which-module "^2.0.0"
      y18n "^3.2.1"
      yargs-parser "^7.0.0"
